
23/01/2018 00:32:52 PagSeguro.Session[info]: Begin
23/01/2018 00:32:52 PagSeguro.Session[info]: POST: https://ws.sandbox.pagseguro.uol.com.br/v2/sessions?email=thiago.pixelab%40gmail.com&token=9D72B35DFD8A4FDC89F6D69BD75D8F6F
23/01/2018 00:32:52 PagSeguro.Session[error]: {"timestamp":"2018-01-23T00:32:52.938+0000","status":415,"error":"Unsupported Media Type","message":"Invalid mime type \"application/x-www-form-urlencoded; charset= UTF-8\":  UTF-8","path":"/v2/sessions"}
23/01/2018 00:39:44 PagSeguro.Session[info]: Begin
23/01/2018 00:39:44 PagSeguro.Session[info]: POST: https://ws.sandbox.pagseguro.uol.com.br/v2/sessions?email=thiago.pixelab%40gmail.com&token=9D72B35DFD8A4FDC89F6D69BD75D8F6F
23/01/2018 00:39:45 PagSeguro.Session[error]: {"timestamp":"2018-01-23T00:39:45.298+0000","status":415,"error":"Unsupported Media Type","message":"Invalid mime type \"application/x-www-form-urlencoded; charset= UTF-8\":  UTF-8","path":"/v2/sessions"}
23/01/2018 00:40:10 PagSeguro.Session[info]: Begin
23/01/2018 00:40:10 PagSeguro.Session[info]: POST: https://ws.sandbox.pagseguro.uol.com.br/v2/sessions?email=thiago.pixelab%40gmail.com&token=9D72B35DFD8A4FDC89F6D69BD75D8F6F
23/01/2018 00:40:12 PagSeguro.Session[error]: {"timestamp":"2018-01-23T00:40:12.411+0000","status":415,"error":"Unsupported Media Type","message":"Invalid mime type \"application/x-www-form-urlencoded; charset= UTF-8\":  UTF-8","path":"/v2/sessions"}
23/01/2018 00:40:55 PagSeguro.Session[info]: Begin
23/01/2018 00:40:55 PagSeguro.Session[info]: POST: https://ws.sandbox.pagseguro.uol.com.br/v2/sessions?email=thiago.pixelab%40gmail.com&token=9D72B35DFD8A4FDC89F6D69BD75D8F6F
23/01/2018 00:40:56 PagSeguro.Session[error]: {"timestamp":"2018-01-23T00:40:56.326+0000","status":415,"error":"Unsupported Media Type","message":"Invalid mime type \"application/x-www-form-urlencoded; charset= UTF-8\":  UTF-8","path":"/v2/sessions"}
23/01/2018 00:41:36 PagSeguro.Session[info]: Begin
23/01/2018 00:41:36 PagSeguro.Session[info]: POST: https://ws.sandbox.pagseguro.uol.com.br/v2/sessions?email=thiago.pixelab%40gmail.com&token=9D72B35DFD8A4FDC89F6D69BD75D8F6F
23/01/2018 00:41:37 PagSeguro.Session[error]: {"timestamp":"2018-01-23T00:41:37.625+0000","status":415,"error":"Unsupported Media Type","message":"Invalid mime type \"application/x-www-form-urlencoded; charset= UTF-8\":  UTF-8","path":"/v2/sessions"}
23/01/2018 00:42:34 PagSeguro.Session[info]: Begin
23/01/2018 00:42:34 PagSeguro.Session[info]: POST: https://ws.sandbox.pagseguro.uol.com.br/v2/sessions?email=thiago.pixelab%40gmail.com&token=9D72B35DFD8A4FDC89F6D69BD75D8F6F
23/01/2018 00:42:35 PagSeguro.Session[error]: {"timestamp":"2018-01-23T00:42:35.218+0000","status":415,"error":"Unsupported Media Type","message":"Invalid mime type \"application/x-www-form-urlencoded; charset= UTF-8\":  UTF-8","path":"/v2/sessions"}
23/01/2018 00:42:53 PagSeguro.Session[info]: Begin
23/01/2018 00:42:53 PagSeguro.Session[info]: POST: https://ws.sandbox.pagseguro.uol.com.br/v2/sessions?email=thiago.pixelab%40gmail.com&token=9D72B35DFD8A4FDC89F6D69BD75D8F6F
23/01/2018 00:42:54 PagSeguro.Session[error]: {"timestamp":"2018-01-23T00:42:54.349+0000","status":415,"error":"Unsupported Media Type","message":"Invalid mime type \"application/x-www-form-urlencoded; charset= UTF-8\":  UTF-8","path":"/v2/sessions"}
23/01/2018 00:43:17 PagSeguro.Session[info]: Begin
23/01/2018 00:43:17 PagSeguro.Session[info]: POST: https://ws.sandbox.pagseguro.uol.com.br/v2/sessions?email=thiago.pixelab%40gmail.com&token=9D72B35DFD8A4FDC89F6D69BD75D8F6F
23/01/2018 00:43:17 PagSeguro.Session[error]: {"timestamp":"2018-01-23T00:43:17.630+0000","status":415,"error":"Unsupported Media Type","message":"Invalid mime type \"application/x-www-form-urlencoded; charset= UTF-8\":  UTF-8","path":"/v2/sessions"}
23/01/2018 00:44:06 PagSeguro.Session[info]: Begin
23/01/2018 00:44:06 PagSeguro.Session[info]: POST: https://ws.sandbox.pagseguro.uol.com.br/v2/sessions?email=thiago.pixelab%40gmail.com&token=9D72B35DFD8A4FDC89F6D69BD75D8F6F
23/01/2018 00:44:06 PagSeguro.Session[error]: {"timestamp":"2018-01-23T00:44:06.953+0000","status":415,"error":"Unsupported Media Type","message":"Invalid mime type \"application/x-www-form-urlencoded; charset= UTF-8\":  UTF-8","path":"/v2/sessions"}
23/01/2018 00:44:58 PagSeguro.Session[info]: Begin
23/01/2018 00:44:58 PagSeguro.Session[info]: POST: https://ws.sandbox.pagseguro.uol.com.br/v2/sessions?email=thiago.pixelab%40gmail.com&token=9D72B35DFD8A4FDC89F6D69BD75D8F6F
23/01/2018 00:44:59 PagSeguro.Session[error]: {"timestamp":"2018-01-23T00:44:59.570+0000","status":415,"error":"Unsupported Media Type","message":"Invalid mime type \"application/x-www-form-urlencoded; charset= UTF-8\":  UTF-8","path":"/v2/sessions"}
23/01/2018 00:48:35 PagSeguro.Session[info]: Begin
23/01/2018 00:48:35 PagSeguro.Session[info]: POST: https://ws.sandbox.pagseguro.uol.com.br/v2/sessions?email=thiago.pixelab%40gmail.com&token=9D72B35DFD8A4FDC89F6D69BD75D8F6F
23/01/2018 00:48:36 PagSeguro.Session[error]: {"timestamp":"2018-01-23T00:48:36.370+0000","status":415,"error":"Unsupported Media Type","message":"Invalid mime type \"application/x-www-form-urlencoded; charset= UTF-8\":  UTF-8","path":"/v2/sessions"}
23/01/2018 00:49:46 PagSeguro.Session[info]: Begin
23/01/2018 00:49:46 PagSeguro.Session[info]: POST: https://ws.sandbox.pagseguro.uol.com.br/v2/sessions?email=thiago.pixelab%40gmail.com&token=9D72B35DFD8A4FDC89F6D69BD75D8F6F
23/01/2018 00:49:46 PagSeguro.Session[error]: {"timestamp":"2018-01-23T00:49:47.113+0000","status":415,"error":"Unsupported Media Type","message":"Invalid mime type \"application/x-www-form-urlencoded; charset= UTF-8\":  UTF-8","path":"/v2/sessions"}
23/01/2018 00:50:28 PagSeguro.Session[info]: Begin
23/01/2018 00:50:28 PagSeguro.Session[info]: POST: https://ws.sandbox.pagseguro.uol.com.br/v2/sessions?email=thiago.pixelab%40gmail.com&token=9D72B35DFD8A4FDC89F6D69BD75D8F6F
23/01/2018 00:50:29 PagSeguro.Session[error]: {"timestamp":"2018-01-23T00:50:29.213+0000","status":415,"error":"Unsupported Media Type","message":"Invalid mime type \"application/x-www-form-urlencoded; charset= UTF-8\":  UTF-8","path":"/v2/sessions"}
23/01/2018 00:51:12 PagSeguro.Session[info]: Begin
23/01/2018 00:51:12 PagSeguro.Session[info]: POST: https://ws.sandbox.pagseguro.uol.com.br/v2/sessions?email=thiago.pixelab%40gmail.com&token=9D72B35DFD8A4FDC89F6D69BD75D8F6F
23/01/2018 00:51:12 PagSeguro.Session[error]: {"timestamp":"2018-01-23T00:51:12.994+0000","status":415,"error":"Unsupported Media Type","message":"Invalid mime type \"application/x-www-form-urlencoded; charset= UTF-8\":  UTF-8","path":"/v2/sessions"}
23/01/2018 00:52:39 PagSeguro.Session[info]: Begin
23/01/2018 00:52:39 PagSeguro.Session[info]: POST: https://ws.sandbox.pagseguro.uol.com.br/v2/sessions?email=thiago.pixelab%40gmail.com&token=9D72B35DFD8A4FDC89F6D69BD75D8F6F
23/01/2018 00:52:39 PagSeguro.Session[error]: {"timestamp":"2018-01-23T00:52:39.701+0000","status":415,"error":"Unsupported Media Type","message":"Invalid mime type \"application/x-www-form-urlencoded; charset= UTF-8\":  UTF-8","path":"/v2/sessions"}
23/01/2018 00:53:14 PagSeguro.Session[info]: Begin
23/01/2018 00:53:14 PagSeguro.Session[info]: POST: https://ws.sandbox.pagseguro.uol.com.br/v2/sessions?email=thiago.pixelab%40gmail.com&token=9D72B35DFD8A4FDC89F6D69BD75D8F6F
23/01/2018 00:53:14 PagSeguro.Session[error]: {"timestamp":"2018-01-23T00:53:15.075+0000","status":415,"error":"Unsupported Media Type","message":"Invalid mime type \"application/x-www-form-urlencoded; charset= UTF-8\":  UTF-8","path":"/v2/sessions"}
23/01/2018 01:04:15 PagSeguro.Session[info]: Begin
23/01/2018 01:04:15 PagSeguro.Session[info]: POST: https://ws.sandbox.pagseguro.uol.com.br/v2/sessions?email=thiago.pixelab%40gmail.com&token=9D72B35DFD8A4FDC89F6D69BD75D8F6F
23/01/2018 01:04:19 PagSeguro.Session[info]: Session ID: fe4d9fc406a84b9db949e2b6766b8c1e
23/01/2018 01:14:27 PagSeguro.Session[info]: Begin
23/01/2018 01:14:27 PagSeguro.Session[info]: POST: https://ws.sandbox.pagseguro.uol.com.br/v2/sessions?email=thiago.pixelab%40gmail.com&token=9D72B35DFD8A4FDC89F6D69BD75D8F6F
23/01/2018 01:14:27 PagSeguro.Session[error]: {"timestamp":"2018-01-23T01:14:28.075+0000","status":415,"error":"Unsupported Media Type","message":"Invalid mime type \"application/x-www-form-urlencoded; charset= UTF-8\":  UTF-8","path":"/v2/sessions"}
23/01/2018 01:15:18 PagSeguro.Session[info]: Begin
23/01/2018 01:15:18 PagSeguro.Session[info]: POST: https://ws.sandbox.pagseguro.uol.com.br/v2/sessions?email=thiago.pixelab%40gmail.com&token=9D72B35DFD8A4FDC89F6D69BD75D8F6F
23/01/2018 01:15:19 PagSeguro.Session[error]: {"timestamp":"2018-01-23T01:15:19.269+0000","status":415,"error":"Unsupported Media Type","message":"Invalid mime type \"application/x-www-form-urlencoded; charset= UTF-8\":  UTF-8","path":"/v2/sessions"}
23/01/2018 01:20:47 PagSeguro.Session[info]: Begin
23/01/2018 01:20:47 PagSeguro.Session[info]: POST: https://ws.sandbox.pagseguro.uol.com.br/v2/sessions?email=thiago.pixelab%40gmail.com&token=9D72B35DFD8A4FDC89F6D69BD75D8F6F
23/01/2018 01:20:47 PagSeguro.Session[error]: {"timestamp":"2018-01-23T01:20:48.038+0000","status":415,"error":"Unsupported Media Type","message":"Invalid mime type \"application/x-www-form-urlencoded; charset= UTF-8\":  UTF-8","path":"/v2/sessions"}
23/01/2018 01:32:04 PagSeguro.Session[info]: Begin
23/01/2018 01:32:04 PagSeguro.Session[info]: POST: https://ws.sandbox.pagseguro.uol.com.br/v2/sessions?email=thiago.pixelab%40gmail.com&token=9D72B35DFD8A4FDC89F6D69BD75D8F6F
23/01/2018 01:32:04 PagSeguro.Session[error]: {"timestamp":"2018-01-23T01:32:04.619+0000","status":415,"error":"Unsupported Media Type","message":"Invalid mime type \"application/x-www-form-urlencoded; charset= UTF-8\":  UTF-8","path":"/v2/sessions"}
23/01/2018 01:36:06 PagSeguro.Session[info]: Begin
23/01/2018 01:36:06 PagSeguro.Session[info]: POST: https://ws.sandbox.pagseguro.uol.com.br/v2/sessions?email=thiago.pixelab%40gmail.com&token=9D72B35DFD8A4FDC89F6D69BD75D8F6F
23/01/2018 01:36:06 PagSeguro.Session[error]: {"timestamp":"2018-01-23T01:36:06.858+0000","status":415,"error":"Unsupported Media Type","message":"Invalid mime type \"application/x-www-form-urlencoded; charset= UTF-8\":  UTF-8","path":"/v2/sessions"}
23/01/2018 01:48:11 PagSeguro.Session[info]: Begin
23/01/2018 01:48:11 PagSeguro.Session[info]: POST: https://ws.sandbox.pagseguro.uol.com.br/v2/sessions?email=thiago.pixelab%40gmail.com&token=9D72B35DFD8A4FDC89F6D69BD75D8F6F
23/01/2018 01:48:11 PagSeguro.Session[error]: {"timestamp":"2018-01-23T01:48:11.339+0000","status":415,"error":"Unsupported Media Type","message":"Invalid mime type \"application/x-www-form-urlencoded; charset= UTF-8\":  UTF-8","path":"/v2/sessions"}
23/01/2018 01:49:05 PagSeguro.Session[info]: Begin
23/01/2018 01:49:05 PagSeguro.Session[info]: POST: https://ws.sandbox.pagseguro.uol.com.br/v2/sessions?email=thiago.pixelab%40gmail.com&token=9D72B35DFD8A4FDC89F6D69BD75D8F6F
23/01/2018 01:49:05 PagSeguro.Session[error]: {"timestamp":"2018-01-23T01:49:05.515+0000","status":415,"error":"Unsupported Media Type","message":"Invalid mime type \"application/x-www-form-urlencoded; charset= UTF-8\":  UTF-8","path":"/v2/sessions"}
23/01/2018 01:51:31 PagSeguro.Session[info]: Begin
23/01/2018 01:51:31 PagSeguro.Session[info]: POST: https://ws.sandbox.pagseguro.uol.com.br/v2/sessions?email=thiago.pixelab%40gmail.com&token=9D72B35DFD8A4FDC89F6D69BD75D8F6F
23/01/2018 01:51:48 PagSeguro.Session[error]: {"timestamp":"2018-01-23T01:51:48.946+0000","status":415,"error":"Unsupported Media Type","message":"Invalid mime type \"application/x-www-form-urlencoded; charset= UTF-8\":  UTF-8","path":"/v2/sessions"}
23/01/2018 01:53:33 PagSeguro.Session[info]: Begin
23/01/2018 01:53:33 PagSeguro.Session[info]: POST: https://ws.sandbox.pagseguro.uol.com.br/v2/sessions?email=thiago.pixelab%40gmail.com&token=9D72B35DFD8A4FDC89F6D69BD75D8F6F
23/01/2018 01:53:33 PagSeguro.Session[error]: {"timestamp":"2018-01-23T01:53:33.927+0000","status":415,"error":"Unsupported Media Type","message":"Invalid mime type \"application/x-www-form-urlencoded; charset= UTF-8\":  UTF-8","path":"/v2/sessions"}
23/01/2018 01:55:23 PagSeguro.Session[info]: Begin
23/01/2018 01:55:23 PagSeguro.Session[info]: POST: https://ws.sandbox.pagseguro.uol.com.br/v2/sessions?email=thiago.pixelab%40gmail.com&token=9D72B35DFD8A4FDC89F6D69BD75D8F6F
23/01/2018 01:55:23 PagSeguro.Session[error]: {"timestamp":"2018-01-23T01:55:23.912+0000","status":415,"error":"Unsupported Media Type","message":"Invalid mime type \"application/x-www-form-urlencoded; charset= UTF-8\":  UTF-8","path":"/v2/sessions"}
23/01/2018 01:57:13 PagSeguro.Checkout[info]: Begin
23/01/2018 01:57:13 PagSeguro.Checkout[info]: POST: https://ws.sandbox.pagseguro.uol.com.br/v2/checkout?email=thiago.pixelab%40gmail.com&token=9D72B35DFD8A4FDC89F6D69BD75D8F6F
23/01/2018 01:57:13 PagSeguro.Checkout[info]: Params: {"reference":"WC-5A66292B1889E-66","redirectURL":"","notificationURL":"http:\/\/172.17.0.1\/index.php?notificationurl=true","currency":"BRL","itemId1":1,"itemDescription1":"Teste","itemQuantity1":3,"itemAmount1":"22.00","senderName":"teste teste","senderEmail":"c41621608728044069935@sandbox.pagseguro.com.br","senderAreaCode":"19","senderPhone":"(**) 98905-****","shippingType":3,"shippingCost":"0.00","shippingAddressStreet":"rua, 12","shippingAddressComplement":"Centro","shippingAddressCity":"Araraquara","shippingAddressState":"SP","shippingAddressPostalCode":"14808-550","shippingAddressCountry":"BR"}
23/01/2018 01:57:13 PagSeguro.Session[error]: {"timestamp":"2018-01-23T01:57:13.230+0000","status":415,"error":"Unsupported Media Type","message":"Invalid mime type \"application/x-www-form-urlencoded; charset= UTF-8\":  UTF-8","path":"/v2/checkout"}
23/01/2018 01:59:24 PagSeguro.Checkout[info]: Begin
23/01/2018 01:59:24 PagSeguro.Checkout[info]: POST: https://ws.sandbox.pagseguro.uol.com.br/v2/checkout?email=thiago.pixelab%40gmail.com&token=9D72B35DFD8A4FDC89F6D69BD75D8F6F
23/01/2018 01:59:24 PagSeguro.Checkout[info]: Params: {"reference":"WC-5A66292B1889E-67","redirectURL":"","notificationURL":"http:\/\/172.17.0.1\/index.php?notificationurl=true","currency":"BRL","itemId1":1,"itemDescription1":"Teste","itemQuantity1":1,"itemAmount1":"22.00","senderName":"teste teste","senderEmail":"c41621608728044069935@sandbox.pagseguro.com.br","senderAreaCode":"19","senderPhone":"(**) 98905-****","shippingType":3,"shippingCost":"0.00","shippingAddressStreet":"rua, 12","shippingAddressComplement":"Centro","shippingAddressCity":"Araraquara","shippingAddressState":"SP","shippingAddressPostalCode":"14808-550","shippingAddressCountry":"BR"}
23/01/2018 01:59:26 PagSeguro.Session[error]: {"timestamp":"2018-01-23T01:59:26.747+0000","status":415,"error":"Unsupported Media Type","message":"Invalid mime type \"application/x-www-form-urlencoded; charset= UTF-8\":  UTF-8","path":"/v2/checkout"}
23/01/2018 02:05:13 PagSeguro.Checkout[info]: Begin
23/01/2018 02:05:13 PagSeguro.Checkout[info]: POST: https://ws.sandbox.pagseguro.uol.com.br/v2/checkout?email=thiago.pixelab%40gmail.com&token=9D72B35DFD8A4FDC89F6D69BD75D8F6F
23/01/2018 02:05:13 PagSeguro.Checkout[info]: Params: {"reference":"WC-5A66292B1889E-68","redirectURL":"","notificationURL":"http:\/\/172.17.0.1\/index.php?notificationurl=true","currency":"BRL","itemId1":1,"itemDescription1":"Teste","itemQuantity1":1,"itemAmount1":"22.00","senderName":"teste teste","senderEmail":"c41621608728044069935@sandbox.pagseguro.com.br","senderAreaCode":"19","senderPhone":"(**) 98905-****","shippingType":3,"shippingCost":"0.00","shippingAddressStreet":"rua, 12","shippingAddressComplement":"Centro","shippingAddressCity":"Araraquara","shippingAddressState":"SP","shippingAddressPostalCode":"14808-550","shippingAddressCountry":"BR"}
23/01/2018 02:05:22 PagSeguro.Session[error]: {"timestamp":"2018-01-23T02:05:22.791+0000","status":415,"error":"Unsupported Media Type","message":"Invalid mime type \"application/x-www-form-urlencoded; charset= UTF-8\":  UTF-8","path":"/v2/checkout"}
23/01/2018 02:06:54 PagSeguro.Checkout[info]: Begin
23/01/2018 02:06:54 PagSeguro.Checkout[info]: POST: https://ws.sandbox.pagseguro.uol.com.br/v2/checkout?email=thiago.pixelab%40gmail.com&token=9D72B35DFD8A4FDC89F6D69BD75D8F6F
23/01/2018 02:06:54 PagSeguro.Checkout[info]: Params: {"reference":"WC-5A66292B1889E-69","redirectURL":"","notificationURL":"http:\/\/172.17.0.1\/index.php?notificationurl=true","currency":"BRL","itemId1":1,"itemDescription1":"Teste","itemQuantity1":1,"itemAmount1":"22.00","senderName":"teste teste","senderEmail":"c41621608728044069935@sandbox.pagseguro.com.br","senderAreaCode":"19","senderPhone":"(**) 98905-****","shippingType":3,"shippingCost":"0.00","shippingAddressStreet":"rua, 12","shippingAddressComplement":"Centro","shippingAddressCity":"Araraquara","shippingAddressState":"SP","shippingAddressPostalCode":"14808-550","shippingAddressCountry":"BR"}
23/01/2018 02:07:14 PagSeguro.Session[error]: CURL can't connect: Operation timed out after 20000 milliseconds with 0 out of 0 bytes received
23/01/2018 02:09:20 PagSeguro.Checkout[info]: Begin
23/01/2018 02:09:20 PagSeguro.Checkout[info]: POST: https://ws.sandbox.pagseguro.uol.com.br/v2/checkout?email=thiago.pixelab%40gmail.com&token=9D72B35DFD8A4FDC89F6D69BD75D8F6F
23/01/2018 02:09:20 PagSeguro.Checkout[info]: Params: {"reference":"WC-5A66292B1889E-70","redirectURL":"","notificationURL":"http:\/\/172.17.0.1\/index.php?notificationurl=true","currency":"BRL","itemId1":1,"itemDescription1":"Teste","itemQuantity1":1,"itemAmount1":"22.00","senderName":"teste teste","senderEmail":"c41621608728044069935@sandbox.pagseguro.com.br","senderAreaCode":"19","senderPhone":"(**) 98905-****","shippingType":3,"shippingCost":"0.00","shippingAddressStreet":"rua centro, 12","shippingAddressComplement":"Centro","shippingAddressCity":"Araraquara","shippingAddressState":"SP","shippingAddressPostalCode":"14808-550","shippingAddressCountry":"BR"}
23/01/2018 02:09:21 PagSeguro.Session[error]: {"timestamp":"2018-01-23T02:09:21.775+0000","status":415,"error":"Unsupported Media Type","message":"Invalid mime type \"application/x-www-form-urlencoded; charset= UTF-8\":  UTF-8","path":"/v2/checkout"}
23/01/2018 02:10:11 PagSeguro.Checkout[info]: Begin
23/01/2018 02:10:11 PagSeguro.Checkout[info]: POST: https://ws.sandbox.pagseguro.uol.com.br/v2/checkout?email=thiago.pixelab%40gmail.com&token=9D72B35DFD8A4FDC89F6D69BD75D8F6F
23/01/2018 02:10:11 PagSeguro.Checkout[info]: Params: {"reference":"WC-5A66292B1889E-71","redirectURL":"","notificationURL":"http:\/\/172.17.0.1\/index.php?notificationurl=true","currency":"BRL","itemId1":1,"itemDescription1":"Teste","itemQuantity1":2,"itemAmount1":"22.00","senderName":"teste teste","senderEmail":"c41621608728044069935@sandbox.pagseguro.com.br","senderAreaCode":"19","senderPhone":"(**) 98905-****","shippingType":3,"shippingCost":"0.00","shippingAddressStreet":"rua centro, 12","shippingAddressComplement":"Centro","shippingAddressCity":"Araraquara","shippingAddressState":"SP","shippingAddressPostalCode":"14808-550","shippingAddressCountry":"BR"}
23/01/2018 02:10:31 PagSeguro.Session[error]: CURL can't connect: Operation timed out after 20000 milliseconds with 0 out of 0 bytes received
23/01/2018 02:11:21 PagSeguro.Checkout[info]: Begin
23/01/2018 02:11:21 PagSeguro.Checkout[info]: POST: https://ws.sandbox.pagseguro.uol.com.br/v2/checkout?email=thiago.pixelab%40gmail.com&token=9D72B35DFD8A4FDC89F6D69BD75D8F6F
23/01/2018 02:11:21 PagSeguro.Checkout[info]: Params: {"reference":"WC-5A66292B1889E-72","redirectURL":"","notificationURL":"http:\/\/172.17.0.1\/index.php?notificationurl=true","currency":"BRL","itemId1":1,"itemDescription1":"Teste","itemQuantity1":2,"itemAmount1":"22.00","senderName":"teste teste","senderEmail":"c41621608728044069935@sandbox.pagseguro.com.br","senderAreaCode":"19","senderPhone":"(**) 98905-****","shippingType":3,"shippingCost":"0.00","shippingAddressStreet":"rua centro, 12","shippingAddressComplement":"Centro","shippingAddressCity":"Araraquara","shippingAddressState":"SP","shippingAddressPostalCode":"14808-550","shippingAddressCountry":"BR"}
23/01/2018 02:11:22 PagSeguro.Checkout[info]: Checkout URL: https://sandbox.pagseguro.uol.com.br/v2/checkout/payment.html?code=BBF100AC8A8A978554AA3FB2BBAC4FED
23/01/2018 02:12:40 PagSeguro.Session[info]: Begin
23/01/2018 02:12:40 PagSeguro.Session[info]: POST: https://ws.sandbox.pagseguro.uol.com.br/v2/sessions?email=thiago.pixelab%40gmail.com&token=9D72B35DFD8A4FDC89F6D69BD75D8F6F
23/01/2018 02:12:41 PagSeguro.Session[info]: Session ID: 5c691e7dc8c24be48949293bccf6e873
23/01/2018 02:17:54 PagSeguro.Session[info]: Begin
23/01/2018 02:17:54 PagSeguro.Session[info]: POST: https://ws.sandbox.pagseguro.uol.com.br/v2/sessions?email=thiago.pixelab%40gmail.com&token=9D72B35DFD8A4FDC89F6D69BD75D8F6F
23/01/2018 02:17:59 PagSeguro.Session[info]: Session ID: 36f917f884244ed88b82e209e417084c
23/01/2018 02:19:55 PagSeguro.Session[info]: Begin
23/01/2018 02:19:55 PagSeguro.Session[info]: POST: https://ws.sandbox.pagseguro.uol.com.br/v2/sessions?email=thiago.pixelab%40gmail.com&token=9D72B35DFD8A4FDC89F6D69BD75D8F6F
23/01/2018 02:19:56 PagSeguro.Session[info]: Session ID: dfe369b837624bee8a451918f1439ad7
23/01/2018 02:31:25 PagSeguro.Session[info]: Begin
23/01/2018 02:31:25 PagSeguro.Session[info]: POST: https://ws.sandbox.pagseguro.uol.com.br/v2/sessions?email=thiago.pixelab%40gmail.com&token=9D72B35DFD8A4FDC89F6D69BD75D8F6F
23/01/2018 02:31:27 PagSeguro.Session[error]: {"timestamp":"2018-01-23T02:31:27.269+0000","status":415,"error":"Unsupported Media Type","message":"Invalid mime type \"application/x-www-form-urlencoded;, charset= UTF-8\": Invalid token character ',' in token \", charset\"","path":"/v2/sessions"}
23/01/2018 02:32:29 PagSeguro.Session[info]: Begin
23/01/2018 02:32:29 PagSeguro.Session[info]: POST: https://ws.sandbox.pagseguro.uol.com.br/v2/sessions?email=thiago.pixelab%40gmail.com&token=9D72B35DFD8A4FDC89F6D69BD75D8F6F
23/01/2018 02:32:31 PagSeguro.Session[info]: Session ID: 3f11f139534b43b7b396643b65d11f8e
23/01/2018 10:31:43 PagSeguro.Session[info]: Begin
23/01/2018 10:31:43 PagSeguro.Session[info]: POST: https://ws.sandbox.pagseguro.uol.com.br/v2/sessions?email=thiago.pixelab%40gmail.com&token=9D72B35DFD8A4FDC89F6D69BD75D8F6F
23/01/2018 10:31:44 PagSeguro.Session[info]: Session ID: c62fc3ca08114be8be38e7408a3ed997
23/01/2018 10:52:42 PagSeguro.Session[info]: Begin
23/01/2018 10:52:42 PagSeguro.Session[info]: POST: https://ws.sandbox.pagseguro.uol.com.br/v2/sessions?email=thiago.pixelab%40gmail.com&token=9D72B35DFD8A4FDC89F6D69BD75D8F6F
23/01/2018 10:52:45 PagSeguro.Session[info]: Session ID: eca392dd09f1420a830d6aa7bd7386ed
23/01/2018 10:53:28 PagSeguro.Session[info]: Begin
23/01/2018 10:53:28 PagSeguro.Session[info]: POST: https://ws.sandbox.pagseguro.uol.com.br/v2/sessions?email=thiago.pixelab%40gmail.com&token=9D72B35DFD8A4FDC89F6D69BD75D8F6F
23/01/2018 10:53:29 PagSeguro.Session[info]: Session ID: a8a1940efc984bbb902da3760c554ec7
23/01/2018 10:55:36 PagSeguro.Session[info]: Begin
23/01/2018 10:55:36 PagSeguro.Session[info]: POST: https://ws.sandbox.pagseguro.uol.com.br/v2/sessions?email=thiago.pixelab%40gmail.com&token=9D72B35DFD8A4FDC89F6D69BD75D8F6F
23/01/2018 10:55:37 PagSeguro.Session[info]: Session ID: c2c1591ec9254dc9873341fe90148f79
23/01/2018 10:57:44 PagSeguro.Session[info]: Begin
23/01/2018 10:57:44 PagSeguro.Session[info]: POST: https://ws.sandbox.pagseguro.uol.com.br/v2/sessions?email=thiago.pixelab%40gmail.com&token=9D72B35DFD8A4FDC89F6D69BD75D8F6F
23/01/2018 10:57:45 PagSeguro.Session[info]: Session ID: 4625f7cb69fd408089584637b8597d07
23/01/2018 11:03:01 PagSeguro.Session[info]: Begin
23/01/2018 11:03:01 PagSeguro.Session[info]: POST: https://ws.sandbox.pagseguro.uol.com.br/v2/sessions?email=thiago.pixelab%40gmail.com&token=9D72B35DFD8A4FDC89F6D69BD75D8F6F
23/01/2018 11:03:03 PagSeguro.Session[info]: Session ID: cb2ffbcdefe94a999f6ee74526fe4166
23/01/2018 12:18:25 PagSeguro.Session[info]: Begin
23/01/2018 12:18:25 PagSeguro.Session[info]: POST: https://ws.sandbox.pagseguro.uol.com.br/v2/sessions?email=thiago.pixelab%40gmail.com&token=9D72B35DFD8A4FDC89F6D69BD75D8F6F
23/01/2018 12:18:26 PagSeguro.Session[info]: Session ID: dc4106253d224ff9a87a510309f071f1
23/01/2018 13:57:09 PagSeguro.Session[info]: Begin
23/01/2018 13:57:09 PagSeguro.Session[info]: POST: https://ws.sandbox.pagseguro.uol.com.br/v2/sessions?email=thiago.pixelab%40gmail.com&token=9D72B35DFD8A4FDC89F6D69BD75D8F6F
23/01/2018 13:57:09 PagSeguro.Session[info]: Session ID: d9e570f7935d45a2ab327d4570e5cd2e
23/01/2018 18:00:36 PagSeguro.Checkout[info]: Begin
23/01/2018 18:00:37 PagSeguro.Checkout[info]: POST: https://ws.sandbox.pagseguro.uol.com.br/v2/checkout?email=thiago.pixelab%40gmail.com&token=9D72B35DFD8A4FDC89F6D69BD75D8F6F
23/01/2018 18:00:37 PagSeguro.Checkout[info]: Params: {"reference":"WC-5A66292B1889E-86","redirectURL":"","notificationURL":"http:\/\/172.17.0.1\/index.php?notificationurl=true","currency":"BRL","itemId1":1,"itemDescription1":"Teste","itemQuantity1":1,"itemAmount1":"22.00","senderName":"teste teste","senderEmail":"c41621608728044069935@sandbox.pagseguro.com.br","senderAreaCode":"19","senderPhone":"(**) 98905-****","shippingType":3,"shippingCost":"0.00","shippingAddressStreet":"rua centro, 22","shippingAddressComplement":"Centro","shippingAddressCity":"Araraquara","shippingAddressState":"SP","shippingAddressPostalCode":"14808-550","shippingAddressCountry":"BR"}
23/01/2018 18:00:39 PagSeguro.Session[error]: <!DOCTYPE HTML PUBLIC "-//IETF//DTD HTML 2.0//EN">
<html><head>
<title>503 Service Temporarily Unavailable</title>
</head><body>
<h1>Service Temporarily Unavailable</h1>
<p>The server is temporarily unable to service your
request due to maintenance downtime or capacity
problems. Please try again later.</p>
<p>Additionally, a 500 Internal Server Error
error was encountered while trying to use an ErrorDocument to handle the request.</p>
</body></html>

23/01/2018 18:04:43 PagSeguro.Checkout[info]: Begin
23/01/2018 18:04:43 PagSeguro.Checkout[info]: POST: https://ws.sandbox.pagseguro.uol.com.br/v2/checkout?email=thiago.pixelab%40gmail.com&token=9D72B35DFD8A4FDC89F6D69BD75D8F6F
23/01/2018 18:04:43 PagSeguro.Checkout[info]: Params: {"reference":"WC-5A66292B1889E-88","redirectURL":"","notificationURL":"http:\/\/172.17.0.1\/index.php?notificationurl=true","currency":"BRL","itemId1":1,"itemDescription1":"Teste","itemQuantity1":1,"itemAmount1":"22.00","senderName":"teste teste","senderEmail":"c41621608728044069935@sandbox.pagseguro.com.br","senderAreaCode":"19","senderPhone":"(**) 98905-****","shippingType":3,"shippingCost":"0.00","shippingAddressStreet":"rua centro, 22","shippingAddressComplement":"Centro","shippingAddressCity":"Araraquara","shippingAddressState":"SP","shippingAddressPostalCode":"14808-550","shippingAddressCountry":"BR"}
23/01/2018 18:04:43 PagSeguro.Session[error]: CURL can't connect: Empty reply from server
23/01/2018 18:11:50 PagSeguro.Checkout[info]: Begin
23/01/2018 18:11:50 PagSeguro.Checkout[info]: POST: https://ws.sandbox.pagseguro.uol.com.br/v2/checkout?email=thiago.pixelab%40gmail.com&token=9D72B35DFD8A4FDC89F6D69BD75D8F6F
23/01/2018 18:11:50 PagSeguro.Checkout[info]: Params: {"reference":"WC-5A66292B1889E-91","redirectURL":"","notificationURL":"http:\/\/172.17.0.1\/index.php?notificationurl=true","currency":"BRL","itemId1":1,"itemDescription1":"Teste","itemQuantity1":1,"itemAmount1":"22.00","senderName":"teste teste","senderEmail":"c41621608728044069935@sandbox.pagseguro.com.br","senderAreaCode":"19","senderPhone":"(**) 98905-****","shippingType":3,"shippingCost":"0.00","shippingAddressStreet":"rua centro, 22","shippingAddressComplement":"Centro","shippingAddressCity":"Araraquara","shippingAddressState":"SP","shippingAddressPostalCode":"14808-550","shippingAddressCountry":"BR"}
23/01/2018 18:11:50 PagSeguro.Session[error]: CURL can't connect: Empty reply from server
23/01/2018 18:12:46 PagSeguro.Checkout[info]: Begin
23/01/2018 18:12:46 PagSeguro.Checkout[info]: POST: https://ws.sandbox.pagseguro.uol.com.br/v2/checkout?email=thiago.pixelab%40gmail.com&token=9D72B35DFD8A4FDC89F6D69BD75D8F6F
23/01/2018 18:12:46 PagSeguro.Checkout[info]: Params: {"reference":"WC-5A66292B1889E-92","redirectURL":"","notificationURL":"http:\/\/172.17.0.1\/index.php?notificationurl=true","currency":"BRL","itemId1":1,"itemDescription1":"Teste","itemQuantity1":1,"itemAmount1":"22.00","senderName":"teste teste","senderEmail":"c41621608728044069935@sandbox.pagseguro.com.br","senderAreaCode":"19","senderPhone":"(**) 98905-****","shippingType":3,"shippingCost":"0.00","shippingAddressStreet":"rua centro, 22","shippingAddressComplement":"Centro","shippingAddressCity":"Araraquara","shippingAddressState":"SP","shippingAddressPostalCode":"14808-550","shippingAddressCountry":"BR"}
23/01/2018 18:12:46 PagSeguro.Session[error]: CURL can't connect: Empty reply from server
24/01/2018 13:40:34 PagSeguro.Checkout[info]: Begin
24/01/2018 13:40:34 PagSeguro.Checkout[info]: POST: https://ws.sandbox.pagseguro.uol.com.br/v2/checkout?email=thiago.pixelab%40gmail.com&token=9D72B35DFD8A4FDC89F6D69BD75D8F6F
24/01/2018 13:40:34 PagSeguro.Checkout[info]: Params: {"reference":"WC-5A66292B1889E-93","redirectURL":"","notificationURL":"http:\/\/172.17.0.1\/index.php?notificationurl=true","currency":"BRL","itemId1":1,"itemDescription1":"Teste","itemQuantity1":1,"itemAmount1":"22.00","senderName":"teste teste","senderEmail":"c41621608728044069935@sandbox.pagseguro.com.br","senderAreaCode":"19","senderPhone":"(**) 98905-****","shippingType":3,"shippingCost":"0.00","shippingAddressStreet":"rua centro, 22","shippingAddressComplement":"Centro","shippingAddressCity":"Araraquara","shippingAddressState":"SP","shippingAddressPostalCode":"14808-550","shippingAddressCountry":"BR"}
24/01/2018 13:40:40 PagSeguro.Checkout[info]: Code: 2CA8D6846464861994741FB0864789D4
24/01/2018 13:44:43 PagSeguro.Checkout[info]: Begin
24/01/2018 13:44:43 PagSeguro.Checkout[info]: POST: https://ws.sandbox.pagseguro.uol.com.br/v2/checkout?email=thiago.pixelab%40gmail.com&token=9D72B35DFD8A4FDC89F6D69BD75D8F6F
24/01/2018 13:44:43 PagSeguro.Checkout[info]: Params: {"reference":"WC-5A66292B1889E-94","redirectURL":"","notificationURL":"http:\/\/172.17.0.1\/index.php?notificationurl=true","currency":"BRL","itemId1":1,"itemDescription1":"Teste","itemQuantity1":1,"itemAmount1":"22.00","senderName":"teste teste","senderEmail":"c41621608728044069935@sandbox.pagseguro.com.br","senderAreaCode":"19","senderPhone":"(**) 98905-****","shippingType":3,"shippingCost":"0.00","shippingAddressStreet":"rua centro, 22","shippingAddressComplement":"Centro","shippingAddressCity":"Araraquara","shippingAddressState":"SP","shippingAddressPostalCode":"14808-550","shippingAddressCountry":"BR"}
24/01/2018 13:44:43 PagSeguro.Checkout[info]: Code: E2C88EAFBCBCAC9AA49B7FB734602715
24/01/2018 13:46:32 PagSeguro.Checkout[info]: Begin
24/01/2018 13:46:32 PagSeguro.Checkout[info]: POST: https://ws.sandbox.pagseguro.uol.com.br/v2/checkout?email=thiago.pixelab%40gmail.com&token=9D72B35DFD8A4FDC89F6D69BD75D8F6F
24/01/2018 13:46:32 PagSeguro.Checkout[info]: Params: {"reference":"WC-5A66292B1889E-95","redirectURL":"","notificationURL":"http:\/\/172.17.0.1\/index.php?notificationurl=true","currency":"BRL","itemId1":1,"itemDescription1":"Teste","itemQuantity1":2,"itemAmount1":"22.00","senderName":"teste teste","senderEmail":"c41621608728044069935@sandbox.pagseguro.com.br","senderAreaCode":"19","senderPhone":"(**) 98905-****","shippingType":3,"shippingCost":"0.00","shippingAddressStreet":"rua centro, 22","shippingAddressComplement":"Centro","shippingAddressCity":"Araraquara","shippingAddressState":"SP","shippingAddressPostalCode":"14808-550","shippingAddressCountry":"BR"}
24/01/2018 13:46:33 PagSeguro.Checkout[info]: Code: 8E995EC08888D58334E65FB41D463424
24/01/2018 13:52:41 PagSeguro.Checkout[info]: Begin
24/01/2018 13:52:41 PagSeguro.Checkout[info]: POST: https://ws.sandbox.pagseguro.uol.com.br/v2/checkout?email=thiago.pixelab%40gmail.com&token=9D72B35DFD8A4FDC89F6D69BD75D8F6F
24/01/2018 13:52:41 PagSeguro.Checkout[info]: Params: {"reference":"WC-5A66292B1889E-96","redirectURL":"","notificationURL":"http:\/\/172.17.0.1\/index.php?notificationurl=true","currency":"BRL","itemId1":1,"itemDescription1":"Teste","itemQuantity1":2,"itemAmount1":"22.00","senderName":"teste teste","senderEmail":"c41621608728044069935@sandbox.pagseguro.com.br","senderAreaCode":"19","senderPhone":"(**) 98905-****","shippingType":3,"shippingCost":"0.00","shippingAddressStreet":"rua centro, 22","shippingAddressComplement":"Centro","shippingAddressCity":"Araraquara","shippingAddressState":"SP","shippingAddressPostalCode":"14808-550","shippingAddressCountry":"BR"}
24/01/2018 13:52:43 PagSeguro.Checkout[info]: Code: 34912C6A4040A6B334BF5F841CFFB3E6
24/01/2018 13:54:09 PagSeguro.Checkout[info]: Begin
24/01/2018 13:54:09 PagSeguro.Checkout[info]: POST: https://ws.sandbox.pagseguro.uol.com.br/v2/checkout?email=thiago.pixelab%40gmail.com&token=9D72B35DFD8A4FDC89F6D69BD75D8F6F
24/01/2018 13:54:09 PagSeguro.Checkout[info]: Params: {"reference":"WC-5A66292B1889E-97","redirectURL":"","notificationURL":"http:\/\/172.17.0.1\/index.php?notificationurl=true","currency":"BRL","itemId1":1,"itemDescription1":"Teste","itemQuantity1":2,"itemAmount1":"22.00","senderName":"teste teste","senderEmail":"c41621608728044069935@sandbox.pagseguro.com.br","senderAreaCode":"19","senderPhone":"(**) 98905-****","shippingType":3,"shippingCost":"0.00","shippingAddressStreet":"rua centro, 22","shippingAddressComplement":"Centro","shippingAddressCity":"Araraquara","shippingAddressState":"SP","shippingAddressPostalCode":"14808-550","shippingAddressCountry":"BR"}
24/01/2018 13:54:11 PagSeguro.Checkout[info]: Code: 8DEA0FB24040312884099F8E613460C5
24/01/2018 13:55:15 PagSeguro.Checkout[info]: Begin
24/01/2018 13:55:15 PagSeguro.Checkout[info]: POST: https://ws.sandbox.pagseguro.uol.com.br/v2/checkout?email=thiago.pixelab%40gmail.com&token=9D72B35DFD8A4FDC89F6D69BD75D8F6F
24/01/2018 13:55:15 PagSeguro.Checkout[info]: Params: {"reference":"WC-5A66292B1889E-98","redirectURL":"","notificationURL":"http:\/\/172.17.0.1\/index.php?notificationurl=true","currency":"BRL","itemId1":1,"itemDescription1":"Teste","itemQuantity1":2,"itemAmount1":"22.00","senderName":"teste teste","senderEmail":"c41621608728044069935@sandbox.pagseguro.com.br","senderAreaCode":"19","senderPhone":"(**) 98905-****","shippingType":3,"shippingCost":"0.00","shippingAddressStreet":"rua centro, 22","shippingAddressComplement":"Centro","shippingAddressCity":"Araraquara","shippingAddressState":"SP","shippingAddressPostalCode":"14808-550","shippingAddressCountry":"BR"}
24/01/2018 13:55:17 PagSeguro.Checkout[info]: Code: 8D41CC64C8C89A9FF4538F9CA5D2663F
24/01/2018 13:56:22 PagSeguro.Checkout[info]: Begin
24/01/2018 13:56:22 PagSeguro.Checkout[info]: POST: https://ws.sandbox.pagseguro.uol.com.br/v2/checkout?email=thiago.pixelab%40gmail.com&token=9D72B35DFD8A4FDC89F6D69BD75D8F6F
24/01/2018 13:56:22 PagSeguro.Checkout[info]: Params: {"reference":"WC-5A66292B1889E-99","redirectURL":"","notificationURL":"http:\/\/172.17.0.1\/index.php?notificationurl=true","currency":"BRL","itemId1":1,"itemDescription1":"Teste","itemQuantity1":1,"itemAmount1":"22.00","senderName":"teste teste","senderEmail":"c41621608728044069935@sandbox.pagseguro.com.br","senderAreaCode":"19","senderPhone":"(**) 98905-****","shippingType":3,"shippingCost":"0.00","shippingAddressStreet":"rua centro, 22","shippingAddressComplement":"Centro","shippingAddressCity":"Araraquara","shippingAddressState":"SP","shippingAddressPostalCode":"14808-550","shippingAddressCountry":"BR"}
24/01/2018 13:56:23 PagSeguro.Checkout[info]: Code: 92261578C3C3613DD43A5F84726A01D1
24/01/2018 13:57:08 PagSeguro.Checkout[info]: Begin
24/01/2018 13:57:08 PagSeguro.Checkout[info]: POST: https://ws.sandbox.pagseguro.uol.com.br/v2/checkout?email=thiago.pixelab%40gmail.com&token=9D72B35DFD8A4FDC89F6D69BD75D8F6F
24/01/2018 13:57:08 PagSeguro.Checkout[info]: Params: {"reference":"WC-5A66292B1889E-100","redirectURL":"","notificationURL":"http:\/\/172.17.0.1\/index.php?notificationurl=true","currency":"BRL","itemId1":1,"itemDescription1":"Teste","itemQuantity1":1,"itemAmount1":"22.00","senderName":"teste teste","senderEmail":"c41621608728044069935@sandbox.pagseguro.com.br","senderAreaCode":"19","senderPhone":"(**) 98905-****","shippingType":3,"shippingCost":"0.00","shippingAddressStreet":"rua centro, 22","shippingAddressComplement":"Centro","shippingAddressCity":"Araraquara","shippingAddressState":"SP","shippingAddressPostalCode":"14808-550","shippingAddressCountry":"BR"}
24/01/2018 13:57:10 PagSeguro.Checkout[info]: Code: 46D34F7D33338996648FEF8CBE64AD1F
24/01/2018 14:00:12 PagSeguro.Checkout[info]: Begin
24/01/2018 14:00:12 PagSeguro.Checkout[info]: POST: https://ws.sandbox.pagseguro.uol.com.br/v2/checkout?email=thiago.pixelab%40gmail.com&token=9D72B35DFD8A4FDC89F6D69BD75D8F6F
24/01/2018 14:00:12 PagSeguro.Checkout[info]: Params: {"reference":"WC-5A66292B1889E-101","redirectURL":"","notificationURL":"http:\/\/172.17.0.1\/index.php?notificationurl=true","currency":"BRL","itemId1":1,"itemDescription1":"Teste","itemQuantity1":1,"itemAmount1":"22.00","senderName":"teste teste","senderEmail":"c41621608728044069935@sandbox.pagseguro.com.br","senderAreaCode":"19","senderPhone":"(**) 98905-****","shippingType":3,"shippingCost":"0.00","shippingAddressStreet":"rua centro, 22","shippingAddressComplement":"Centro","shippingAddressCity":"Araraquara","shippingAddressState":"SP","shippingAddressPostalCode":"14808-550","shippingAddressCountry":"BR"}
24/01/2018 14:00:13 PagSeguro.Checkout[info]: Code: 14DECCA68D8DCCBFF4E79F8E4B5DE903
24/01/2018 14:03:42 PagSeguro.Checkout[info]: Begin
24/01/2018 14:03:42 PagSeguro.Checkout[info]: POST: https://ws.pagseguro.uol.com.br/v2/checkout?email=thiago.pixelab%40gmail.com&token=D142C5573A6640528891EA0CDB37E029
24/01/2018 14:03:42 PagSeguro.Checkout[info]: Params: {"reference":"WC-5A66292B1889E-102","redirectURL":"","notificationURL":"http:\/\/172.17.0.1\/index.php?notificationurl=true","currency":"BRL","itemId1":1,"itemDescription1":"Teste","itemQuantity1":1,"itemAmount1":"22.00","senderName":"teste teste","senderEmail":"c41621608728044069935@sandbox.pagseguro.com.br","senderAreaCode":"19","senderPhone":"(**) 98905-****","shippingType":3,"shippingCost":"0.00","shippingAddressStreet":"rua centro, 22","shippingAddressComplement":"Centro","shippingAddressCity":"Araraquara","shippingAddressState":"SP","shippingAddressPostalCode":"14808-550","shippingAddressCountry":"BR"}
24/01/2018 14:03:43 PagSeguro.Session[error]: Unauthorized
24/01/2018 14:07:19 PagSeguro.Checkout[info]: Begin
24/01/2018 14:07:19 PagSeguro.Checkout[info]: POST: https://ws.pagseguro.uol.com.br/v2/checkout?email=thiago.pixelab%40gmail.com&token=047037C997B54CFB974621E44BBA37B3
24/01/2018 14:07:19 PagSeguro.Checkout[info]: Params: {"reference":"WC-5A66292B1889E-103","redirectURL":"","notificationURL":"http:\/\/172.17.0.1\/index.php?notificationurl=true","currency":"BRL","itemId1":1,"itemDescription1":"Teste","itemQuantity1":1,"itemAmount1":"22.00","senderName":"teste teste","senderEmail":"c41621608728044069935@sandbox.pagseguro.com.br","senderAreaCode":"19","senderPhone":"(**) 98905-****","shippingType":3,"shippingCost":"0.00","shippingAddressStreet":"rua centro, 22","shippingAddressComplement":"Centro","shippingAddressCity":"Araraquara","shippingAddressState":"SP","shippingAddressPostalCode":"14808-550","shippingAddressCountry":"BR"}
24/01/2018 14:07:21 PagSeguro.Checkout[info]: Code: 99FF53CFB9B9500DD42EDFAACB4C2C37
24/01/2018 14:08:41 PagSeguro.Checkout[info]: Begin
24/01/2018 14:08:41 PagSeguro.Checkout[info]: POST: https://ws.pagseguro.uol.com.br/v2/checkout?email=thiago.pixelab%40gmail.com&token=047037C997B54CFB974621E44BBA37B3
24/01/2018 14:08:41 PagSeguro.Checkout[info]: Params: {"reference":"WC-5A66292B1889E-104","redirectURL":"","notificationURL":"http:\/\/172.17.0.1\/index.php?notificationurl=true","currency":"BRL","itemId1":1,"itemDescription1":"Teste","itemQuantity1":1,"itemAmount1":"22.00","senderName":"teste teste","senderEmail":"c41621608728044069935@sandbox.pagseguro.com.br","senderAreaCode":"19","senderPhone":"(**) 98905-****","shippingType":3,"shippingCost":"0.00","shippingAddressStreet":"rua centro, 22","shippingAddressComplement":"Centro","shippingAddressCity":"Araraquara","shippingAddressState":"SP","shippingAddressPostalCode":"14808-550","shippingAddressCountry":"BR"}
24/01/2018 14:08:41 PagSeguro.Checkout[info]: Code: D56805940404182FF4836F90547F9475
24/01/2018 14:09:56 PagSeguro.Checkout[info]: Begin
24/01/2018 14:09:56 PagSeguro.Checkout[info]: POST: https://ws.pagseguro.uol.com.br/v2/checkout?email=thiago.pixelab%40gmail.com&token=047037C997B54CFB974621E44BBA37B3
24/01/2018 14:09:56 PagSeguro.Checkout[info]: Params: {"reference":"WC-5A66292B1889E-105","redirectURL":"","notificationURL":"http:\/\/172.17.0.1\/index.php?notificationurl=true","currency":"BRL","itemId1":1,"itemDescription1":"Teste","itemQuantity1":1,"itemAmount1":"22.00","senderName":"teste teste","senderEmail":"c41621608728044069935@sandbox.pagseguro.com.br","senderAreaCode":"19","senderPhone":"(**) 98905-****","shippingType":3,"shippingCost":"0.00","shippingAddressStreet":"rua centro, 22","shippingAddressComplement":"Centro","shippingAddressCity":"Araraquara","shippingAddressState":"SP","shippingAddressPostalCode":"14808-550","shippingAddressCountry":"BR"}
24/01/2018 14:09:56 PagSeguro.Checkout[info]: Code: F9D3D7270C0CD57EE4353F9D3C4BD120
24/01/2018 14:11:01 PagSeguro.Checkout[info]: Begin
24/01/2018 14:11:01 PagSeguro.Checkout[info]: POST: https://ws.pagseguro.uol.com.br/v2/checkout?email=thiago.pixelab%40gmail.com&token=047037C997B54CFB974621E44BBA37B3
24/01/2018 14:11:01 PagSeguro.Checkout[info]: Params: {"reference":"WC-5A66292B1889E-106","redirectURL":"","notificationURL":"http:\/\/172.17.0.1\/index.php?notificationurl=true","currency":"BRL","itemId1":1,"itemDescription1":"Teste","itemQuantity1":3,"itemAmount1":"22.00","senderName":"teste teste","senderEmail":"c41621608728044069935@sandbox.pagseguro.com.br","senderAreaCode":"19","senderPhone":"(**) 98905-****","shippingType":3,"shippingCost":"0.00","shippingAddressStreet":"rua centro, 22","shippingAddressComplement":"Centro","shippingAddressCity":"Araraquara","shippingAddressState":"SP","shippingAddressPostalCode":"14808-550","shippingAddressCountry":"BR"}
24/01/2018 14:11:02 PagSeguro.Checkout[info]: Code: FA9BA9BC7F7F94FEE42C2FBE1B211E5B
24/01/2018 14:11:49 PagSeguro.Checkout[info]: Begin
24/01/2018 14:11:49 PagSeguro.Checkout[info]: POST: https://ws.pagseguro.uol.com.br/v2/checkout?email=thiago.pixelab%40gmail.com&token=047037C997B54CFB974621E44BBA37B3
24/01/2018 14:11:49 PagSeguro.Checkout[info]: Params: {"reference":"WC-5A66292B1889E-107","redirectURL":"","notificationURL":"http:\/\/172.17.0.1\/index.php?notificationurl=true","currency":"BRL","itemId1":1,"itemDescription1":"Teste","itemQuantity1":1,"itemAmount1":"22.00","senderName":"teste teste","senderEmail":"c41621608728044069935@sandbox.pagseguro.com.br","senderAreaCode":"19","senderPhone":"(**) 98905-****","shippingType":3,"shippingCost":"0.00","shippingAddressStreet":"rua centro, 22","shippingAddressComplement":"Centro","shippingAddressCity":"Araraquara","shippingAddressState":"SP","shippingAddressPostalCode":"14808-550","shippingAddressCountry":"BR"}
24/01/2018 14:11:49 PagSeguro.Checkout[info]: Code: B26ABCD0424254E334710F9828C2BEB5
24/01/2018 14:15:31 PagSeguro.Checkout[info]: Begin
24/01/2018 14:15:31 PagSeguro.Checkout[info]: POST: https://ws.pagseguro.uol.com.br/v2/checkout?email=thiago.pixelab%40gmail.com&token=047037C997B54CFB974621E44BBA37B3
24/01/2018 14:15:31 PagSeguro.Checkout[info]: Params: {"reference":"WC-5A66292B1889E-108","redirectURL":"","notificationURL":"http:\/\/172.17.0.1\/index.php?notificationurl=true","currency":"BRL","itemId1":1,"itemDescription1":"Teste","itemQuantity1":1,"itemAmount1":"22.00","senderName":"teste teste","senderEmail":"c41621608728044069935@sandbox.pagseguro.com.br","senderAreaCode":"19","senderPhone":"(**) 98905-****","shippingType":3,"shippingCost":"0.00","shippingAddressStreet":"rua centro, 22","shippingAddressComplement":"Centro","shippingAddressCity":"Araraquara","shippingAddressState":"SP","shippingAddressPostalCode":"14808-550","shippingAddressCountry":"BR"}
24/01/2018 14:15:31 PagSeguro.Checkout[info]: Code: 166DB35C5A5AC8D66498FFBD988845B7
24/01/2018 14:16:56 PagSeguro.Checkout[info]: Begin
24/01/2018 14:16:56 PagSeguro.Checkout[info]: POST: https://ws.pagseguro.uol.com.br/v2/checkout?email=thiago.pixelab%40gmail.com&token=047037C997B54CFB974621E44BBA37B3
24/01/2018 14:16:56 PagSeguro.Checkout[info]: Params: {"reference":"WC-5A66292B1889E-109","redirectURL":"","notificationURL":"http:\/\/172.17.0.1\/index.php?notificationurl=true","currency":"BRL","itemId1":1,"itemDescription1":"Teste","itemQuantity1":1,"itemAmount1":"22.00","senderName":"teste teste","senderEmail":"c41621608728044069935@sandbox.pagseguro.com.br","senderAreaCode":"19","senderPhone":"(**) 98905-****","shippingType":3,"shippingCost":"0.00","shippingAddressStreet":"rua centro, 22","shippingAddressComplement":"Centro","shippingAddressCity":"Araraquara","shippingAddressState":"SP","shippingAddressPostalCode":"14808-550","shippingAddressCountry":"BR"}
24/01/2018 14:16:56 PagSeguro.Checkout[info]: Code: 62336A22AFAF9B48843B7FBAD26DDC76
24/01/2018 14:18:06 PagSeguro.Checkout[info]: Begin
24/01/2018 14:18:06 PagSeguro.Checkout[info]: POST: https://ws.pagseguro.uol.com.br/v2/checkout?email=thiago.pixelab%40gmail.com&token=047037C997B54CFB974621E44BBA37B3
24/01/2018 14:18:06 PagSeguro.Checkout[info]: Params: {"reference":"WC-5A66292B1889E-110","redirectURL":"","notificationURL":"http:\/\/172.17.0.1\/index.php?notificationurl=true","currency":"BRL","itemId1":1,"itemDescription1":"Teste","itemQuantity1":1,"itemAmount1":"22.00","senderName":"teste teste","senderEmail":"c41621608728044069935@sandbox.pagseguro.com.br","senderAreaCode":"19","senderPhone":"(**) 98905-****","shippingType":3,"shippingCost":"0.00","shippingAddressStreet":"rua centro, 22","shippingAddressComplement":"Centro","shippingAddressCity":"Araraquara","shippingAddressState":"SP","shippingAddressPostalCode":"14808-550","shippingAddressCountry":"BR"}
24/01/2018 14:18:08 PagSeguro.Checkout[info]: Code: 7A3AEA0C5D5DE46CC4A1AFBB38D7CFBD
24/01/2018 14:19:47 PagSeguro.Checkout[info]: Begin
24/01/2018 14:19:47 PagSeguro.Checkout[info]: POST: https://ws.pagseguro.uol.com.br/v2/checkout?email=thiago.pixelab%40gmail.com&token=047037C997B54CFB974621E44BBA37B3
24/01/2018 14:19:47 PagSeguro.Checkout[info]: Params: {"reference":"WC-5A66292B1889E-111","redirectURL":"","notificationURL":"http:\/\/172.17.0.1\/index.php?notificationurl=true","currency":"BRL","itemId1":1,"itemDescription1":"Teste","itemQuantity1":1,"itemAmount1":"22.00","senderName":"teste teste","senderEmail":"c41621608728044069935@sandbox.pagseguro.com.br","senderAreaCode":"19","senderPhone":"(**) 98905-****","shippingType":3,"shippingCost":"0.00","shippingAddressStreet":"rua centro, 22","shippingAddressComplement":"Centro","shippingAddressCity":"Araraquara","shippingAddressState":"SP","shippingAddressPostalCode":"14808-550","shippingAddressCountry":"BR"}
24/01/2018 14:19:47 PagSeguro.Checkout[info]: Code: FE4A7EC676761B18841BEF837E523A39
24/01/2018 14:20:36 PagSeguro.Checkout[info]: Begin
24/01/2018 14:20:36 PagSeguro.Checkout[info]: POST: https://ws.pagseguro.uol.com.br/v2/checkout?email=thiago.pixelab%40gmail.com&token=047037C997B54CFB974621E44BBA37B3
24/01/2018 14:20:36 PagSeguro.Checkout[info]: Params: {"reference":"WC-5A66292B1889E-112","redirectURL":"","notificationURL":"http:\/\/172.17.0.1\/index.php?notificationurl=true","currency":"BRL","itemId1":1,"itemDescription1":"Teste","itemQuantity1":1,"itemAmount1":"22.00","senderName":"teste teste","senderEmail":"c41621608728044069935@sandbox.pagseguro.com.br","senderAreaCode":"19","senderPhone":"(**) 98905-****","shippingType":3,"shippingCost":"0.00","shippingAddressStreet":"rua centro, 22","shippingAddressComplement":"Centro","shippingAddressCity":"Araraquara","shippingAddressState":"SP","shippingAddressPostalCode":"14808-550","shippingAddressCountry":"BR"}
24/01/2018 14:20:37 PagSeguro.Checkout[info]: Code: BFD592EE6F6FCC6EE41E2FA5F8CF662D
24/01/2018 14:22:59 PagSeguro.Checkout[info]: Begin
24/01/2018 14:22:59 PagSeguro.Checkout[info]: POST: https://ws.pagseguro.uol.com.br/v2/checkout?email=thiago.pixelab%40gmail.com&token=047037C997B54CFB974621E44BBA37B3
24/01/2018 14:22:59 PagSeguro.Checkout[info]: Params: {"reference":"WC-5A66292B1889E-113","redirectURL":"","notificationURL":"http:\/\/172.17.0.1\/index.php?notificationurl=true","currency":"BRL","itemId1":1,"itemDescription1":"Teste","itemQuantity1":1,"itemAmount1":"22.00","senderName":"teste teste","senderEmail":"c41621608728044069935@sandbox.pagseguro.com.br","senderAreaCode":"19","senderPhone":"(**) 98905-****","shippingType":3,"shippingCost":"0.00","shippingAddressStreet":"rua centro, 22","shippingAddressComplement":"Centro","shippingAddressCity":"Araraquara","shippingAddressState":"SP","shippingAddressPostalCode":"14808-550","shippingAddressCountry":"BR"}
24/01/2018 14:23:04 PagSeguro.Checkout[info]: Code: FD5039C8D7D758488407DFA89C04B42A
24/01/2018 14:25:18 PagSeguro.Checkout[info]: Begin
24/01/2018 14:25:18 PagSeguro.Checkout[info]: POST: https://ws.pagseguro.uol.com.br/v2/checkout?email=thiago.pixelab%40gmail.com&token=047037C997B54CFB974621E44BBA37B3
24/01/2018 14:25:18 PagSeguro.Checkout[info]: Params: {"reference":"WC-5A66292B1889E-114","redirectURL":"","notificationURL":"http:\/\/172.17.0.1\/index.php?notificationurl=true","currency":"BRL","itemId1":1,"itemDescription1":"Teste","itemQuantity1":1,"itemAmount1":"22.00","senderName":"teste teste","senderEmail":"c41621608728044069935@sandbox.pagseguro.com.br","senderAreaCode":"19","senderPhone":"(**) 98905-****","shippingType":3,"shippingCost":"0.00","shippingAddressStreet":"rua centro, 22","shippingAddressComplement":"Centro","shippingAddressCity":"Araraquara","shippingAddressState":"SP","shippingAddressPostalCode":"14808-550","shippingAddressCountry":"BR"}
24/01/2018 14:25:18 PagSeguro.Checkout[info]: Code: 0AF6B2DD43439799940D6FAED6ADEE7D
24/01/2018 14:26:11 PagSeguro.Checkout[info]: Begin
24/01/2018 14:26:11 PagSeguro.Checkout[info]: POST: https://ws.pagseguro.uol.com.br/v2/checkout?email=thiago.pixelab%40gmail.com&token=047037C997B54CFB974621E44BBA37B3
24/01/2018 14:26:11 PagSeguro.Checkout[info]: Params: {"reference":"WC-5A66292B1889E-115","redirectURL":"","notificationURL":"http:\/\/172.17.0.1\/index.php?notificationurl=true","currency":"BRL","itemId1":1,"itemDescription1":"Teste","itemQuantity1":1,"itemAmount1":"22.00","senderName":"teste teste","senderEmail":"c41621608728044069935@sandbox.pagseguro.com.br","senderAreaCode":"19","senderPhone":"(**) 98905-****","shippingType":3,"shippingCost":"0.00","shippingAddressStreet":"rua centro, 22","shippingAddressComplement":"Centro","shippingAddressCity":"Araraquara","shippingAddressState":"SP","shippingAddressPostalCode":"14808-550","shippingAddressCountry":"BR"}
24/01/2018 14:26:11 PagSeguro.Checkout[info]: Code: D99908397777DE4114F8AFBBBE45D8B8
24/01/2018 14:28:04 PagSeguro.Checkout[info]: Begin
24/01/2018 14:28:04 PagSeguro.Checkout[info]: POST: https://ws.pagseguro.uol.com.br/v2/checkout?email=thiago.pixelab%40gmail.com&token=047037C997B54CFB974621E44BBA37B3
24/01/2018 14:28:04 PagSeguro.Checkout[info]: Params: {"reference":"WC-5A66292B1889E-116","redirectURL":"","notificationURL":"http:\/\/172.17.0.1\/index.php?notificationurl=true","currency":"BRL","itemId1":1,"itemDescription1":"Teste","itemQuantity1":1,"itemAmount1":"22.00","senderName":"teste teste","senderEmail":"c41621608728044069935@sandbox.pagseguro.com.br","senderAreaCode":"19","senderPhone":"(**) 98905-****","shippingType":3,"shippingCost":"0.00","shippingAddressStreet":"rua centro, 22","shippingAddressComplement":"Centro","shippingAddressCity":"Araraquara","shippingAddressState":"SP","shippingAddressPostalCode":"14808-550","shippingAddressCountry":"BR"}
24/01/2018 14:28:05 PagSeguro.Checkout[info]: Code: 956FBA300707ED1CC4413FB447031BF9
24/01/2018 14:32:47 PagSeguro.Checkout[info]: Begin
24/01/2018 14:32:47 PagSeguro.Checkout[info]: POST: https://ws.pagseguro.uol.com.br/v2/checkout?email=thiago.pixelab%40gmail.com&token=047037C997B54CFB974621E44BBA37B3
24/01/2018 14:32:47 PagSeguro.Checkout[info]: Params: {"reference":"WC-5A66292B1889E-117","redirectURL":"","notificationURL":"http:\/\/172.17.0.1\/index.php?notificationurl=true","currency":"BRL","itemId1":1,"itemDescription1":"Teste","itemQuantity1":1,"itemAmount1":"22.00","senderName":"teste teste","senderEmail":"c41621608728044069935@sandbox.pagseguro.com.br","senderAreaCode":"19","senderPhone":"(**) 98905-****","shippingType":3,"shippingCost":"0.00","shippingAddressStreet":"rua centro, 22","shippingAddressComplement":"Centro","shippingAddressCity":"Araraquara","shippingAddressState":"SP","shippingAddressPostalCode":"14808-550","shippingAddressCountry":"BR"}
24/01/2018 14:32:48 PagSeguro.Checkout[info]: Code: E75410BB313189DCC4328FB30BACC288
24/01/2018 14:33:06 PagSeguro.Checkout[info]: Begin
24/01/2018 14:33:06 PagSeguro.Checkout[info]: POST: https://ws.pagseguro.uol.com.br/v2/checkout?email=thiago.pixelab%40gmail.com&token=047037C997B54CFB974621E44BBA37B3
24/01/2018 14:33:06 PagSeguro.Checkout[info]: Params: {"reference":"WC-5A66292B1889E-118","redirectURL":"","notificationURL":"http:\/\/172.17.0.1\/index.php?notificationurl=true","currency":"BRL","itemId1":1,"itemDescription1":"Teste","itemQuantity1":1,"itemAmount1":"22.00","senderName":"teste teste","senderEmail":"c41621608728044069935@sandbox.pagseguro.com.br","senderAreaCode":"19","senderPhone":"(**) 98905-****","shippingType":3,"shippingCost":"0.00","shippingAddressStreet":"rua centro, 22","shippingAddressComplement":"Centro","shippingAddressCity":"Araraquara","shippingAddressState":"SP","shippingAddressPostalCode":"14808-550","shippingAddressCountry":"BR"}
24/01/2018 14:33:07 PagSeguro.Checkout[info]: Code: 317396B1D1D1D9D44464FFABBE25CAF7
24/01/2018 15:26:15 PagSeguro.Checkout[info]: Begin
24/01/2018 15:26:15 PagSeguro.Checkout[info]: POST: https://ws.pagseguro.uol.com.br/v2/checkout?email=thiago.pixelab%40gmail.com&token=047037C997B54CFB974621E44BBA37B3
24/01/2018 15:26:15 PagSeguro.Checkout[info]: Params: {"reference":"WC-5A66292B1889E-120","redirectURL":"","notificationURL":"http:\/\/172.17.0.1\/index.php?notificationurl=true","currency":"BRL","itemId1":1,"itemDescription1":"Teste","itemQuantity1":1,"itemAmount1":"22.00","senderName":"teste teste","senderEmail":"c41621608728044069935@sandbox.pagseguro.com.br","senderAreaCode":"19","senderPhone":"(**) 98905-****","shippingType":3,"shippingCost":"0.00","shippingAddressStreet":"rua centro, 22","shippingAddressComplement":"Centro","shippingAddressCity":"Araraquara","shippingAddressState":"SP","shippingAddressPostalCode":"14808-550","shippingAddressCountry":"BR"}
24/01/2018 15:26:16 PagSeguro.Checkout[info]: Code: DC3BDA88B4B4049774F8EFA71F6B8289
24/01/2018 15:40:00 PagSeguro.Checkout[info]: Begin
24/01/2018 15:40:00 PagSeguro.Checkout[info]: POST: https://ws.pagseguro.uol.com.br/v2/checkout?email=thiago.pixelab%40gmail.com&token=047037C997B54CFB974621E44BBA37B3
24/01/2018 15:40:00 PagSeguro.Checkout[info]: Params: {"reference":"WC-5A68A85F67F51-14","redirectURL":"","notificationURL":"http:\/\/172.17.0.1\/index.php?notificationurl=true","currency":"BRL","itemId1":1,"itemDescription1":"Teste","itemQuantity1":1,"itemAmount1":"23.50","senderName":"teste teste","senderEmail":"thiago@s2it.com.br","senderAreaCode":"19","senderPhone":"(**) 98905-****","shippingType":3,"shippingCost":"5.00","shippingAddressStreet":"Rua Centro, 123","shippingAddressComplement":"Centro","shippingAddressCity":"Araraquara","shippingAddressState":"SP","shippingAddressPostalCode":"14808-550","shippingAddressCountry":"BR"}
24/01/2018 15:40:01 PagSeguro.Checkout[info]: Code: 70695B52BABA6CB114193FBB8A32AE09
24/01/2018 15:41:37 PagSeguro.Checkout[info]: Begin
24/01/2018 15:41:37 PagSeguro.Checkout[info]: POST: https://ws.pagseguro.uol.com.br/v2/checkout?email=thiago.pixelab%40gmail.com&token=047037C997B54CFB974621E44BBA37B3
24/01/2018 15:41:37 PagSeguro.Checkout[info]: Params: {"reference":"WC-5A68A85F67F51-15","redirectURL":"","notificationURL":"http:\/\/172.17.0.1\/index.php?notificationurl=true","currency":"BRL","itemId1":1,"itemDescription1":"Teste","itemQuantity1":1,"itemAmount1":"23.50","senderName":"teste teste","senderEmail":"thiago@s2it.com.br","senderAreaCode":"19","senderPhone":"(**) 98905-****","shippingType":3,"shippingCost":"5.00","shippingAddressStreet":"Rua Centro, 123","shippingAddressComplement":"Centro","shippingAddressCity":"Araraquara","shippingAddressState":"SP","shippingAddressPostalCode":"14808-550","shippingAddressCountry":"BR"}
24/01/2018 15:41:38 PagSeguro.Checkout[info]: Code: ECC903F0A9A9E5388484EFAE87FF58EA
24/01/2018 15:43:41 PagSeguro.Checkout[info]: Begin
24/01/2018 15:43:41 PagSeguro.Checkout[info]: POST: https://ws.pagseguro.uol.com.br/v2/checkout?email=thiago.pixelab%40gmail.com&token=047037C997B54CFB974621E44BBA37B3
24/01/2018 15:43:41 PagSeguro.Checkout[info]: Params: {"reference":"WC-5A68A85F67F51-27","redirectURL":"","notificationURL":"http:\/\/172.17.0.1\/index.php?notificationurl=true","currency":"BRL","itemId1":1,"itemDescription1":"Teste","itemQuantity1":1,"itemAmount1":"23.50","senderName":"teste teste","senderEmail":"thiago@s2it.com.br","senderAreaCode":"19","senderPhone":"(**) 98905-****","shippingType":3,"shippingCost":"5.00","shippingAddressStreet":"Rua Centro, 123","shippingAddressComplement":"Centro","shippingAddressCity":"Araraquara","shippingAddressState":"SP","shippingAddressPostalCode":"14808-550","shippingAddressCountry":"BR"}
24/01/2018 15:43:42 PagSeguro.Checkout[info]: Code: D046911D9E9E557554FF8FB84A9707AA
24/01/2018 16:39:31 PagSeguro.Checkout[info]: Begin
24/01/2018 16:39:31 PagSeguro.Checkout[info]: POST: https://ws.pagseguro.uol.com.br/v2/checkout?email=thiago.pixelab%40gmail.com&token=047037C997B54CFB974621E44BBA37B3
24/01/2018 16:39:31 PagSeguro.Checkout[info]: Params: {"reference":"WC-5A68A85F67F51-28","redirectURL":"","notificationURL":"http:\/\/172.17.0.1\/index.php?notificationurl=true","currency":"BRL","itemId1":1,"itemDescription1":"Teste","itemQuantity1":1,"itemAmount1":"23.50","senderName":"teste teste","senderEmail":"thiago@s2it.com.br","senderAreaCode":"19","senderPhone":"(**) 98905-****","shippingType":3,"shippingCost":"5.00","shippingAddressStreet":"Rua Centro, 123","shippingAddressComplement":"Centro","shippingAddressCity":"Araraquara","shippingAddressState":"SP","shippingAddressPostalCode":"14808-550","shippingAddressCountry":"BR"}
24/01/2018 16:39:34 PagSeguro.Checkout[info]: Code: F705C71EA6A66A8FF4420F895D33E2BA
24/01/2018 16:44:31 PagSeguro.Checkout[info]: Begin
24/01/2018 16:44:31 PagSeguro.Checkout[info]: POST: https://ws.pagseguro.uol.com.br/v2/checkout?email=thiago.pixelab%40gmail.com&token=047037C997B54CFB974621E44BBA37B3
24/01/2018 16:44:31 PagSeguro.Checkout[info]: Params: {"reference":"WC-5A68A85F67F51-29","redirectURL":"","notificationURL":"http:\/\/172.17.0.1\/index.php?notificationurl=true","currency":"BRL","itemId1":1,"itemDescription1":"Teste","itemQuantity1":1,"itemAmount1":"23.50","senderName":"teste teste","senderEmail":"thiago@s2it.com.br","senderAreaCode":"19","senderPhone":"(**) 98905-****","shippingType":3,"shippingCost":"5.00","shippingAddressStreet":"Rua Centro, 123","shippingAddressComplement":"Centro","shippingAddressCity":"Araraquara","shippingAddressState":"SP","shippingAddressPostalCode":"14808-550","shippingAddressCountry":"BR"}
24/01/2018 16:44:31 PagSeguro.Checkout[info]: Code: 80BB845D9B9BE25444102F9D11D3AB42
24/01/2018 16:46:50 PagSeguro.Checkout[info]: Begin
24/01/2018 16:46:50 PagSeguro.Checkout[info]: POST: https://ws.pagseguro.uol.com.br/v2/checkout?email=thiago.pixelab%40gmail.com&token=047037C997B54CFB974621E44BBA37B3
24/01/2018 16:46:50 PagSeguro.Checkout[info]: Params: {"reference":"WC-5A68A85F67F51-30","redirectURL":"","notificationURL":"http:\/\/172.17.0.1\/index.php?notificationurl=true","currency":"BRL","itemId1":1,"itemDescription1":"Teste","itemQuantity1":1,"itemAmount1":"23.50","senderName":"teste teste","senderEmail":"thiago@s2it.com.br","senderAreaCode":"19","senderPhone":"(**) 98905-****","shippingType":3,"shippingCost":"5.00","shippingAddressStreet":"Rua Centro, 123","shippingAddressComplement":"Centro","shippingAddressCity":"Araraquara","shippingAddressState":"SP","shippingAddressPostalCode":"14808-550","shippingAddressCountry":"BR"}
24/01/2018 16:46:51 PagSeguro.Checkout[info]: Code: A0469E69434383A774A4DFA62CB5383D
24/01/2018 16:48:03 PagSeguro.Checkout[info]: Begin
24/01/2018 16:48:03 PagSeguro.Checkout[info]: POST: https://ws.pagseguro.uol.com.br/v2/checkout?email=thiago.pixelab%40gmail.com&token=047037C997B54CFB974621E44BBA37B3
24/01/2018 16:48:03 PagSeguro.Checkout[info]: Params: {"reference":"WC-5A68A85F67F51-31","redirectURL":"","notificationURL":"http:\/\/172.17.0.1\/index.php?notificationurl=true","currency":"BRL","itemId1":1,"itemDescription1":"Teste","itemQuantity1":1,"itemAmount1":"23.50","senderName":"teste teste","senderEmail":"thiago@s2it.com.br","senderAreaCode":"19","senderPhone":"(**) 98905-****","shippingType":3,"shippingCost":"5.00","shippingAddressStreet":"Rua Centro, 123","shippingAddressComplement":"Centro","shippingAddressCity":"Araraquara","shippingAddressState":"SP","shippingAddressPostalCode":"14808-550","shippingAddressCountry":"BR"}
24/01/2018 16:48:04 PagSeguro.Checkout[info]: Code: BEBDD52543433B3444D59FBF0387B9A4
24/01/2018 16:51:53 PagSeguro.Checkout[info]: Begin
24/01/2018 16:51:53 PagSeguro.Checkout[info]: POST: https://ws.pagseguro.uol.com.br/v2/checkout?email=thiago.pixelab%40gmail.com&token=047037C997B54CFB974621E44BBA37B3
24/01/2018 16:51:53 PagSeguro.Checkout[info]: Params: {"reference":"WC-5A68A85F67F51-32","redirectURL":"","notificationURL":"http:\/\/172.17.0.1\/index.php?notificationurl=true","currency":"BRL","itemId1":1,"itemDescription1":"Teste","itemQuantity1":1,"itemAmount1":"23.50","senderName":"teste teste","senderEmail":"thiago@s2it.com.br","senderAreaCode":"19","senderPhone":"(**) 98905-****","shippingType":3,"shippingCost":"5.00","shippingAddressStreet":"Rua Centro, 123","shippingAddressComplement":"Centro","shippingAddressCity":"Araraquara","shippingAddressState":"SP","shippingAddressPostalCode":"14808-550","shippingAddressCountry":"BR"}
24/01/2018 16:51:54 PagSeguro.Checkout[info]: Code: 406F93728787E12664735FA4A1348A08
24/01/2018 16:55:13 PagSeguro.Checkout[info]: Begin
24/01/2018 16:55:13 PagSeguro.Checkout[info]: POST: https://ws.pagseguro.uol.com.br/v2/checkout?email=thiago.pixelab%40gmail.com&token=047037C997B54CFB974621E44BBA37B3
24/01/2018 16:55:13 PagSeguro.Checkout[info]: Params: {"reference":"WC-5A68A85F67F51-33","redirectURL":"","notificationURL":"http:\/\/172.17.0.1\/index.php?notificationurl=true","currency":"BRL","itemId1":1,"itemDescription1":"Teste","itemQuantity1":1,"itemAmount1":"23.50","senderName":"teste teste","senderEmail":"thiago@s2it.com.br","senderAreaCode":"19","senderPhone":"(**) 98905-****","shippingType":3,"shippingCost":"5.00","shippingAddressStreet":"Rua Centro, 123","shippingAddressComplement":"Centro","shippingAddressCity":"Araraquara","shippingAddressState":"SP","shippingAddressPostalCode":"14808-550","shippingAddressCountry":"BR"}
24/01/2018 16:55:15 PagSeguro.Checkout[info]: Code: 5162B4EC0808D3D224ECCFAD3CEB2345
24/01/2018 17:03:30 PagSeguro.Checkout[info]: Begin
24/01/2018 17:03:30 PagSeguro.Checkout[info]: POST: https://ws.pagseguro.uol.com.br/v2/checkout?email=thiago.pixelab%40gmail.com&token=047037C997B54CFB974621E44BBA37B3
24/01/2018 17:03:30 PagSeguro.Checkout[info]: Params: {"reference":"WC-5A68A85F67F51-34","redirectURL":"","notificationURL":"http:\/\/172.17.0.1\/index.php?notificationurl=true","currency":"BRL","itemId1":1,"itemDescription1":"Teste","itemQuantity1":1,"itemAmount1":"23.50","senderName":"teste teste","senderEmail":"thiago@s2it.com.br","senderAreaCode":"19","senderPhone":"(**) 98905-****","shippingType":3,"shippingCost":"5.00","shippingAddressStreet":"Rua Centro, 123","shippingAddressComplement":"Centro","shippingAddressCity":"Araraquara","shippingAddressState":"SP","shippingAddressPostalCode":"14808-550","shippingAddressCountry":"BR"}
24/01/2018 17:03:31 PagSeguro.Checkout[info]: Code: E2ADB8DA505067C5540A9F9E58F7CEF1
24/01/2018 17:07:58 PagSeguro.Checkout[info]: Begin
24/01/2018 17:07:58 PagSeguro.Checkout[info]: POST: https://ws.pagseguro.uol.com.br/v2/checkout?email=thiago.pixelab%40gmail.com&token=047037C997B54CFB974621E44BBA37B3
24/01/2018 17:07:58 PagSeguro.Checkout[info]: Params: {"reference":"WC-5A68A85F67F51-35","redirectURL":"","notificationURL":"http:\/\/172.17.0.1\/index.php?notificationurl=true","currency":"BRL","itemId1":1,"itemDescription1":"Teste","itemQuantity1":2,"itemAmount1":"23.50","senderName":"teste teste","senderEmail":"thiago@s2it.com.br","senderAreaCode":"19","senderPhone":"(**) 98905-****","shippingType":3,"shippingCost":"5.00","shippingAddressStreet":"Rua Centro, 123","shippingAddressComplement":"Centro","shippingAddressCity":"Araraquara","shippingAddressState":"SP","shippingAddressPostalCode":"14808-550","shippingAddressCountry":"BR"}
24/01/2018 17:07:58 PagSeguro.Checkout[info]: Code: F8492BE6F6F6A6D114DC6FA40841E8EC
24/01/2018 17:10:39 PagSeguro.Checkout[info]: Begin
24/01/2018 17:10:39 PagSeguro.Checkout[info]: POST: https://ws.pagseguro.uol.com.br/v2/checkout?email=thiago.pixelab%40gmail.com&token=047037C997B54CFB974621E44BBA37B3
24/01/2018 17:10:39 PagSeguro.Checkout[info]: Params: {"reference":"WC-5A68A85F67F51-36","redirectURL":"","notificationURL":"http:\/\/172.17.0.1\/index.php?notificationurl=true","currency":"BRL","itemId1":1,"itemDescription1":"Teste","itemQuantity1":1,"itemAmount1":"23.50","senderName":"teste teste","senderEmail":"thiago@s2it.com.br","senderAreaCode":"19","senderPhone":"(**) 98905-****","shippingType":3,"shippingCost":"5.00","shippingAddressStreet":"Rua Centro, 123","shippingAddressComplement":"Centro","shippingAddressCity":"Araraquara","shippingAddressState":"SP","shippingAddressPostalCode":"14808-550","shippingAddressCountry":"BR"}
24/01/2018 17:10:40 PagSeguro.Checkout[info]: Code: 6E86C935EAEA596CC476BF84ED0F4EAE
24/01/2018 17:17:59 PagSeguro.Checkout[info]: Begin
24/01/2018 17:17:59 PagSeguro.Checkout[info]: POST: https://ws.pagseguro.uol.com.br/v2/checkout?email=thiago.pixelab%40gmail.com&token=047037C997B54CFB974621E44BBA37B3
24/01/2018 17:17:59 PagSeguro.Checkout[info]: Params: {"reference":"WC-5A68A85F67F51-37","redirectURL":"","notificationURL":"http:\/\/172.17.0.1\/index.php?notificationurl=true","currency":"BRL","itemId1":1,"itemDescription1":"Teste","itemQuantity1":1,"itemAmount1":"23.50","senderName":"teste teste","senderEmail":"thiago@s2it.com.br","senderAreaCode":"19","senderPhone":"(**) 98905-****","shippingType":3,"shippingCost":"5.00","shippingAddressStreet":"Rua Centro, 123","shippingAddressComplement":"Centro","shippingAddressCity":"Araraquara","shippingAddressState":"SP","shippingAddressPostalCode":"14808-550","shippingAddressCountry":"BR"}
24/01/2018 17:17:59 PagSeguro.Checkout[info]: Code: 2392E8338282738CC46E3FBB51150FF1
24/01/2018 17:52:40 PagSeguro.Checkout[info]: Begin
24/01/2018 17:52:40 PagSeguro.Checkout[info]: POST: https://ws.pagseguro.uol.com.br/v2/checkout?email=thiago.pixelab%40gmail.com&token=047037C997B54CFB974621E44BBA37B3
24/01/2018 17:52:40 PagSeguro.Checkout[info]: Params: {"reference":"WC-5A68A85F67F51-38","redirectURL":"","notificationURL":"http:\/\/172.17.0.1\/index.php?notificationurl=true","currency":"BRL","itemId1":1,"itemDescription1":"Teste","itemQuantity1":1,"itemAmount1":"23.50","senderName":"teste teste","senderEmail":"thiago@s2it.com.br","senderAreaCode":"19","senderPhone":"(**) 98905-****","shippingType":3,"shippingCost":"5.00","shippingAddressStreet":"Rua Centro, 123","shippingAddressComplement":"Centro","shippingAddressCity":"Araraquara","shippingAddressState":"SP","shippingAddressPostalCode":"14808-550","shippingAddressCountry":"BR"}
24/01/2018 17:52:40 PagSeguro.Checkout[info]: Code: E529A9695353209774A61F823D38F72B
24/01/2018 18:05:47 PagSeguro.Checkout[info]: Begin
24/01/2018 18:05:47 PagSeguro.Checkout[info]: POST: https://ws.pagseguro.uol.com.br/v2/checkout?email=thiago.pixelab%40gmail.com&token=047037C997B54CFB974621E44BBA37B3
24/01/2018 18:05:47 PagSeguro.Checkout[info]: Params: {"reference":"WC-5A68A85F67F51-39","redirectURL":"","notificationURL":"http:\/\/172.17.0.1\/index.php?notificationurl=true","currency":"BRL","itemId1":1,"itemDescription1":"Teste","itemQuantity1":1,"itemAmount1":"23.50","senderName":"teste teste","senderEmail":"thiago@s2it.com.br","senderAreaCode":"19","senderPhone":"(**) 98905-****","shippingType":3,"shippingCost":"5.00","shippingAddressStreet":"Rua Centro, 123","shippingAddressComplement":"Centro","shippingAddressCity":"Araraquara","shippingAddressState":"SP","shippingAddressPostalCode":"14808-550","shippingAddressCountry":"BR"}
24/01/2018 18:05:48 PagSeguro.Checkout[info]: Code: E9D01F156E6EF81EE40B8F8F878D1A7C
24/01/2018 18:06:35 PagSeguro.Checkout[info]: Begin
24/01/2018 18:06:35 PagSeguro.Checkout[info]: POST: https://ws.pagseguro.uol.com.br/v2/checkout?email=thiago.pixelab%40gmail.com&token=047037C997B54CFB974621E44BBA37B3
24/01/2018 18:06:35 PagSeguro.Checkout[info]: Params: {"reference":"WC-5A68A85F67F51-40","redirectURL":"","notificationURL":"http:\/\/172.17.0.1\/index.php?notificationurl=true","currency":"BRL","itemId1":1,"itemDescription1":"Teste","itemQuantity1":1,"itemAmount1":"23.50","senderName":"teste teste","senderEmail":"thiago@s2it.com.br","senderAreaCode":"19","senderPhone":"(**) 98905-****","shippingType":3,"shippingCost":"5.00","shippingAddressStreet":"Rua Centro, 123","shippingAddressComplement":"Centro","shippingAddressCity":"Araraquara","shippingAddressState":"SP","shippingAddressPostalCode":"14808-550","shippingAddressCountry":"BR"}
24/01/2018 18:06:36 PagSeguro.Checkout[info]: Code: A5246DE0D4D46CB334D14FBE997B4F76
08/04/2019 23:52:00 PagSeguro.Checkout[info]: Begin
08/04/2019 23:52:00 PagSeguro.Checkout[info]: POST: https://ws.sandbox.pagseguro.uol.com.br/v2/checkout?email=victorcastro89%40hotmail.com&token=F450948552B848B48063560CF120F8A2
08/04/2019 23:52:00 PagSeguro.Checkout[info]: Params: {"reference":"Maderos -1326","redirectURL":"","notificationURL":"","currency":"BRL","itemId1":1,"itemDescription1":"Hig-Rise Skinny Jean","itemQuantity1":1,"itemAmount1":"49.00","senderName":"Victor Faria","senderEmail":"c11468285293315731923@sandbox.pagseguro.com.br","senderAreaCode":"11","senderPhone":"(**) 97478-****","shippingType":3,"shippingCost":"0.00","shippingAddressStreet":"Rua S\u00e3o Jo\u00e3o, 11","shippingAddressComplement":"114","shippingAddressCity":"Sp","shippingAddressState":"SP","shippingAddressPostalCode":"01307-906","shippingAddressCountry":"BR"}
08/04/2019 23:52:00 PagSeguro.Checkout[info]: Checkout URL: https://sandbox.pagseguro.uol.com.br/v2/checkout/payment.html?code=A0F220570101972774B78FBF0BCDEB90
08/04/2019 23:52:25 PagSeguro.Checkout[info]: Begin
08/04/2019 23:52:25 PagSeguro.Checkout[info]: POST: https://ws.sandbox.pagseguro.uol.com.br/v2/checkout?email=victorcastro89%40hotmail.com&token=F450948552B848B48063560CF120F8A2
08/04/2019 23:52:25 PagSeguro.Checkout[info]: Params: {"reference":"Maderos -1327","redirectURL":"","notificationURL":"","currency":"BRL","itemId1":1,"itemDescription1":"Hig-Rise Skinny Jean","itemQuantity1":1,"itemAmount1":"49.00","senderName":"Victor Faria","senderEmail":"c11468285293315731923@sandbox.pagseguro.com.br","senderAreaCode":"11","senderPhone":"(**) 97478-****","shippingType":3,"shippingCost":"0.00","shippingAddressStreet":"Rua Frei Caneca, 115","shippingAddressComplement":"114","shippingAddressCity":"Sp","shippingAddressState":"SP","shippingAddressPostalCode":"01307-906","shippingAddressCountry":"BR"}
08/04/2019 23:52:26 PagSeguro.Checkout[info]: Checkout URL: https://sandbox.pagseguro.uol.com.br/v2/checkout/payment.html?code=05074F7D8B8BD0B9944BEF9994728533
08/04/2019 23:53:54 PagSeguro.Session[info]: Begin
08/04/2019 23:53:54 PagSeguro.Session[info]: POST: https://ws.sandbox.pagseguro.uol.com.br/v2/sessions?email=victorcastro89%40hotmail.com&token=F450948552B848B48063560CF120F8A2
08/04/2019 23:53:55 PagSeguro.Session[info]: Session ID: 9b99c3ace6924f88a4a62cb16c05935e
08/04/2019 23:57:10 PagSeguro.Session[info]: Begin
08/04/2019 23:57:10 PagSeguro.Session[info]: POST: https://ws.sandbox.pagseguro.uol.com.br/v2/sessions?email=victorcastro89%40hotmail.com&token=F450948552B848B48063560CF120F8A2
08/04/2019 23:57:10 PagSeguro.Session[info]: Session ID: 05ed54a866d3498ba82525e3eb8dfc4d
08/04/2019 23:58:18 PagSeguro.Session[info]: Begin
08/04/2019 23:58:18 PagSeguro.Session[info]: POST: https://ws.sandbox.pagseguro.uol.com.br/v2/sessions?email=victorcastro89%40hotmail.com&token=F450948552B848B48063560CF120F8A2
08/04/2019 23:58:18 PagSeguro.Session[info]: Session ID: 125faa79b63441baabbe4eac4bab1831
09/04/2019 00:01:46 PagSeguro.Session[info]: Begin
09/04/2019 00:01:46 PagSeguro.Session[info]: POST: https://ws.sandbox.pagseguro.uol.com.br/v2/sessions?email=victorcastro89%40hotmail.com&token=F450948552B848B48063560CF120F8A2
09/04/2019 00:01:46 PagSeguro.Session[info]: Session ID: 2bcbb98eaa7d460d99e8216fddb56bb5
09/04/2019 00:11:02 PagSeguro.Checkout[info]: Begin
09/04/2019 00:11:02 PagSeguro.Checkout[info]: POST: https://ws.sandbox.pagseguro.uol.com.br/v2/checkout?email=victorcastro89%40hotmail.com&token=F450948552B848B48063560CF120F8A2
09/04/2019 00:11:02 PagSeguro.Checkout[info]: Params: {"reference":"Maderos -1332","redirectURL":"","notificationURL":"","currency":"BRL","itemId1":1,"itemDescription1":"Atlin Designs Mid Century Club Chair","itemQuantity1":1,"itemAmount1":"159.00","senderName":"Victor Faria","senderEmail":"c11468285293315731923@sandbox.pagseguro.com.br","senderAreaCode":"11","senderPhone":"(**) 97478-****","shippingType":3,"shippingCost":"0.00","shippingAddressStreet":"Rua Frei Caneca, 115","shippingAddressComplement":"114","shippingAddressCity":"Sp","shippingAddressState":"SP","shippingAddressPostalCode":"01307-906","shippingAddressCountry":"BR"}
09/04/2019 00:11:03 PagSeguro.Checkout[info]: Checkout URL: https://sandbox.pagseguro.uol.com.br/v2/checkout/payment.html?code=12F2AB80060681F4449E7FAB5193F0D5