04-08-2019 @ 21:01:46 - Payment arguments for order #1331: WC_Order Object
(
    [status_transition:protected] => 
    [data:protected] => Array
        (
            [parent_id] => 0
            [status] => pending
            [currency] => BRL
            [version] => 3.5.7
            [prices_include_tax] => 
            [date_created] => WC_DateTime Object
                (
                    [utc_offset:protected] => 0
                    [date] => 2019-04-08 21:01:46.000000
                    [timezone_type] => 3
                    [timezone] => America/Sao_Paulo
                )

            [date_modified] => WC_DateTime Object
                (
                    [utc_offset:protected] => 0
                    [date] => 2019-04-08 21:01:46.000000
                    [timezone_type] => 3
                    [timezone] => America/Sao_Paulo
                )

            [discount_total] => 0
            [discount_tax] => 0
            [shipping_total] => 0.00
            [shipping_tax] => 0
            [cart_tax] => 0
            [total] => 159.00
            [total_tax] => 0
            [customer_id] => 1
            [order_key] => wc_order_50mxB6vSFYEMX
            [billing] => Array
                (
                    [first_name] => Victor
                    [last_name] => Faria
                    [company] => 
                    [address_1] => Rua Frei Caneca, 115
                    [address_2] => 114
                    [city] => Sp
                    [state] => SP
                    [postcode] => 01307-906
                    [country] => BR
                    [email] => c11468285293315731923@sandbox.pagseguro.com.br
                    [phone] => 11974787270
                )

            [shipping] => Array
                (
                    [first_name] => Victor
                    [last_name] => Faria
                    [company] => 
                    [address_1] => Rua Frei Caneca, 115
                    [address_2] => 114
                    [city] => Sp
                    [state] => SP
                    [postcode] => 01307-906
                    [country] => BR
                )

            [payment_method] => pagseguro
            [payment_method_title] => PagSeguro
            [transaction_id] => 
            [customer_ip_address] => 172.26.0.1
            [customer_user_agent] => Mozilla/5.0 (X11; Ubuntu; Linux x86_64; rv:66.0) Gecko/20100101 Firefox/66.0
            [created_via] => checkout
            [customer_note] => 
            [date_completed] => 
            [date_paid] => 
            [cart_hash] => 6c771ba135ed2f70c2a74aaac5b3193e
        )

    [items:protected] => Array
        (
        )

    [items_to_delete:protected] => Array
        (
        )

    [cache_group:protected] => orders
    [data_store_name:protected] => order
    [object_type:protected] => order
    [id:protected] => 1331
    [changes:protected] => Array
        (
        )

    [object_read:protected] => 1
    [extra_data:protected] => Array
        (
        )

    [default_data:protected] => Array
        (
            [parent_id] => 0
            [status] => 
            [currency] => 
            [version] => 
            [prices_include_tax] => 
            [date_created] => 
            [date_modified] => 
            [discount_total] => 0
            [discount_tax] => 0
            [shipping_total] => 0
            [shipping_tax] => 0
            [cart_tax] => 0
            [total] => 0
            [total_tax] => 0
            [customer_id] => 0
            [order_key] => 
            [billing] => Array
                (
                    [first_name] => 
                    [last_name] => 
                    [company] => 
                    [address_1] => 
                    [address_2] => 
                    [city] => 
                    [state] => 
                    [postcode] => 
                    [country] => 
                    [email] => 
                    [phone] => 
                )

            [shipping] => Array
                (
                    [first_name] => 
                    [last_name] => 
                    [company] => 
                    [address_1] => 
                    [address_2] => 
                    [city] => 
                    [state] => 
                    [postcode] => 
                    [country] => 
                )

            [payment_method] => 
            [payment_method_title] => 
            [transaction_id] => 
            [customer_ip_address] => 
            [customer_user_agent] => 
            [created_via] => 
            [customer_note] => 
            [date_completed] => 
            [date_paid] => 
            [cart_hash] => 
        )

    [data_store:protected] => WC_Data_Store Object
        (
            [instance:WC_Data_Store:private] => WC_Order_Data_Store_CPT Object
                (
                    [internal_meta_keys:protected] => Array
                        (
                            [0] => _parent_id
                            [1] => _status
                            [2] => _currency
                            [3] => _version
                            [4] => _prices_include_tax
                            [5] => _date_created
                            [6] => _date_modified
                            [7] => _discount_total
                            [8] => _discount_tax
                            [9] => _shipping_total
                            [10] => _shipping_tax
                            [11] => _cart_tax
                            [12] => _total
                            [13] => _total_tax
                            [14] => _customer_id
                            [15] => _order_key
                            [16] => _billing
                            [17] => _shipping
                            [18] => _payment_method
                            [19] => _payment_method_title
                            [20] => _transaction_id
                            [21] => _customer_ip_address
                            [22] => _customer_user_agent
                            [23] => _created_via
                            [24] => _customer_note
                            [25] => _date_completed
                            [26] => _date_paid
                            [27] => _cart_hash
                            [28] => _customer_user
                            [29] => _order_key
                            [30] => _order_currency
                            [31] => _billing_first_name
                            [32] => _billing_last_name
                            [33] => _billing_company
                            [34] => _billing_address_1
                            [35] => _billing_address_2
                            [36] => _billing_city
                            [37] => _billing_state
                            [38] => _billing_postcode
                            [39] => _billing_country
                            [40] => _billing_email
                            [41] => _billing_phone
                            [42] => _shipping_first_name
                            [43] => _shipping_last_name
                            [44] => _shipping_company
                            [45] => _shipping_address_1
                            [46] => _shipping_address_2
                            [47] => _shipping_city
                            [48] => _shipping_state
                            [49] => _shipping_postcode
                            [50] => _shipping_country
                            [51] => _completed_date
                            [52] => _paid_date
                            [53] => _edit_lock
                            [54] => _edit_last
                            [55] => _cart_discount
                            [56] => _cart_discount_tax
                            [57] => _order_shipping
                            [58] => _order_shipping_tax
                            [59] => _order_tax
                            [60] => _order_total
                            [61] => _payment_method
                            [62] => _payment_method_title
                            [63] => _transaction_id
                            [64] => _customer_ip_address
                            [65] => _customer_user_agent
                            [66] => _created_via
                            [67] => _order_version
                            [68] => _prices_include_tax
                            [69] => _date_completed
                            [70] => _date_paid
                            [71] => _payment_tokens
                            [72] => _billing_address_index
                            [73] => _shipping_address_index
                            [74] => _recorded_sales
                            [75] => _recorded_coupon_usage_counts
                            [76] => _download_permissions_granted
                            [77] => _order_stock_reduced
                        )

                    [meta_type:protected] => post
                    [object_id_field_for_meta:protected] => 
                )

            [stores:WC_Data_Store:private] => Array
                (
                    [coupon] => WC_Coupon_Data_Store_CPT
                    [customer] => WC_Customer_Data_Store
                    [customer-download] => WC_Customer_Download_Data_Store
                    [customer-download-log] => WC_Customer_Download_Log_Data_Store
                    [customer-session] => WC_Customer_Data_Store_Session
                    [order] => WC_Order_Data_Store_CPT
                    [order-refund] => WC_Order_Refund_Data_Store_CPT
                    [order-item] => WC_Order_Item_Data_Store
                    [order-item-coupon] => WC_Order_Item_Coupon_Data_Store
                    [order-item-fee] => WC_Order_Item_Fee_Data_Store
                    [order-item-product] => WC_Order_Item_Product_Data_Store
                    [order-item-shipping] => WC_Order_Item_Shipping_Data_Store
                    [order-item-tax] => WC_Order_Item_Tax_Data_Store
                    [payment-token] => WC_Payment_Token_Data_Store
                    [product] => WC_Product_Data_Store_CPT
                    [product-grouped] => WC_Product_Grouped_Data_Store_CPT
                    [product-variable] => WC_Product_Variable_Data_Store_CPT
                    [product-variation] => WC_Product_Variation_Data_Store_CPT
                    [shipping-zone] => WC_Shipping_Zone_Data_Store
                    [webhook] => WC_Webhook_Data_Store
                )

            [current_class_name:WC_Data_Store:private] => WC_Order_Data_Store_CPT
            [object_type:WC_Data_Store:private] => order
        )

    [meta_data:protected] => Array
        (
        )

)

04-08-2019 @ 21:11:02 - Payment arguments for order #1332: WC_Order Object
(
    [status_transition:protected] => 
    [data:protected] => Array
        (
            [parent_id] => 0
            [status] => pending
            [currency] => BRL
            [version] => 3.5.7
            [prices_include_tax] => 
            [date_created] => WC_DateTime Object
                (
                    [utc_offset:protected] => 0
                    [date] => 2019-04-08 21:11:02.000000
                    [timezone_type] => 3
                    [timezone] => America/Sao_Paulo
                )

            [date_modified] => WC_DateTime Object
                (
                    [utc_offset:protected] => 0
                    [date] => 2019-04-08 21:11:02.000000
                    [timezone_type] => 3
                    [timezone] => America/Sao_Paulo
                )

            [discount_total] => 0
            [discount_tax] => 0
            [shipping_total] => 0.00
            [shipping_tax] => 0
            [cart_tax] => 0
            [total] => 159.00
            [total_tax] => 0
            [customer_id] => 1
            [order_key] => wc_order_a0IyrS9VNWUGX
            [billing] => Array
                (
                    [first_name] => Victor
                    [last_name] => Faria
                    [company] => 
                    [address_1] => Rua Frei Caneca, 115
                    [address_2] => 114
                    [city] => Sp
                    [state] => SP
                    [postcode] => 01307-906
                    [country] => BR
                    [email] => c11468285293315731923@sandbox.pagseguro.com.br
                    [phone] => 11974787270
                )

            [shipping] => Array
                (
                    [first_name] => Victor
                    [last_name] => Faria
                    [company] => 
                    [address_1] => Rua Frei Caneca, 115
                    [address_2] => 114
                    [city] => Sp
                    [state] => SP
                    [postcode] => 01307-906
                    [country] => BR
                )

            [payment_method] => pagseguro
            [payment_method_title] => PagSeguro
            [transaction_id] => 
            [customer_ip_address] => 172.26.0.1
            [customer_user_agent] => Mozilla/5.0 (X11; Ubuntu; Linux x86_64; rv:66.0) Gecko/20100101 Firefox/66.0
            [created_via] => checkout
            [customer_note] => 
            [date_completed] => 
            [date_paid] => 
            [cart_hash] => 6c771ba135ed2f70c2a74aaac5b3193e
        )

    [items:protected] => Array
        (
        )

    [items_to_delete:protected] => Array
        (
        )

    [cache_group:protected] => orders
    [data_store_name:protected] => order
    [object_type:protected] => order
    [id:protected] => 1332
    [changes:protected] => Array
        (
        )

    [object_read:protected] => 1
    [extra_data:protected] => Array
        (
        )

    [default_data:protected] => Array
        (
            [parent_id] => 0
            [status] => 
            [currency] => 
            [version] => 
            [prices_include_tax] => 
            [date_created] => 
            [date_modified] => 
            [discount_total] => 0
            [discount_tax] => 0
            [shipping_total] => 0
            [shipping_tax] => 0
            [cart_tax] => 0
            [total] => 0
            [total_tax] => 0
            [customer_id] => 0
            [order_key] => 
            [billing] => Array
                (
                    [first_name] => 
                    [last_name] => 
                    [company] => 
                    [address_1] => 
                    [address_2] => 
                    [city] => 
                    [state] => 
                    [postcode] => 
                    [country] => 
                    [email] => 
                    [phone] => 
                )

            [shipping] => Array
                (
                    [first_name] => 
                    [last_name] => 
                    [company] => 
                    [address_1] => 
                    [address_2] => 
                    [city] => 
                    [state] => 
                    [postcode] => 
                    [country] => 
                )

            [payment_method] => 
            [payment_method_title] => 
            [transaction_id] => 
            [customer_ip_address] => 
            [customer_user_agent] => 
            [created_via] => 
            [customer_note] => 
            [date_completed] => 
            [date_paid] => 
            [cart_hash] => 
        )

    [data_store:protected] => WC_Data_Store Object
        (
            [instance:WC_Data_Store:private] => WC_Order_Data_Store_CPT Object
                (
                    [internal_meta_keys:protected] => Array
                        (
                            [0] => _parent_id
                            [1] => _status
                            [2] => _currency
                            [3] => _version
                            [4] => _prices_include_tax
                            [5] => _date_created
                            [6] => _date_modified
                            [7] => _discount_total
                            [8] => _discount_tax
                            [9] => _shipping_total
                            [10] => _shipping_tax
                            [11] => _cart_tax
                            [12] => _total
                            [13] => _total_tax
                            [14] => _customer_id
                            [15] => _order_key
                            [16] => _billing
                            [17] => _shipping
                            [18] => _payment_method
                            [19] => _payment_method_title
                            [20] => _transaction_id
                            [21] => _customer_ip_address
                            [22] => _customer_user_agent
                            [23] => _created_via
                            [24] => _customer_note
                            [25] => _date_completed
                            [26] => _date_paid
                            [27] => _cart_hash
                            [28] => _customer_user
                            [29] => _order_key
                            [30] => _order_currency
                            [31] => _billing_first_name
                            [32] => _billing_last_name
                            [33] => _billing_company
                            [34] => _billing_address_1
                            [35] => _billing_address_2
                            [36] => _billing_city
                            [37] => _billing_state
                            [38] => _billing_postcode
                            [39] => _billing_country
                            [40] => _billing_email
                            [41] => _billing_phone
                            [42] => _shipping_first_name
                            [43] => _shipping_last_name
                            [44] => _shipping_company
                            [45] => _shipping_address_1
                            [46] => _shipping_address_2
                            [47] => _shipping_city
                            [48] => _shipping_state
                            [49] => _shipping_postcode
                            [50] => _shipping_country
                            [51] => _completed_date
                            [52] => _paid_date
                            [53] => _edit_lock
                            [54] => _edit_last
                            [55] => _cart_discount
                            [56] => _cart_discount_tax
                            [57] => _order_shipping
                            [58] => _order_shipping_tax
                            [59] => _order_tax
                            [60] => _order_total
                            [61] => _payment_method
                            [62] => _payment_method_title
                            [63] => _transaction_id
                            [64] => _customer_ip_address
                            [65] => _customer_user_agent
                            [66] => _created_via
                            [67] => _order_version
                            [68] => _prices_include_tax
                            [69] => _date_completed
                            [70] => _date_paid
                            [71] => _payment_tokens
                            [72] => _billing_address_index
                            [73] => _shipping_address_index
                            [74] => _recorded_sales
                            [75] => _recorded_coupon_usage_counts
                            [76] => _download_permissions_granted
                            [77] => _order_stock_reduced
                        )

                    [meta_type:protected] => post
                    [object_id_field_for_meta:protected] => 
                )

            [stores:WC_Data_Store:private] => Array
                (
                    [coupon] => WC_Coupon_Data_Store_CPT
                    [customer] => WC_Customer_Data_Store
                    [customer-download] => WC_Customer_Download_Data_Store
                    [customer-download-log] => WC_Customer_Download_Log_Data_Store
                    [customer-session] => WC_Customer_Data_Store_Session
                    [order] => WC_Order_Data_Store_CPT
                    [order-refund] => WC_Order_Refund_Data_Store_CPT
                    [order-item] => WC_Order_Item_Data_Store
                    [order-item-coupon] => WC_Order_Item_Coupon_Data_Store
                    [order-item-fee] => WC_Order_Item_Fee_Data_Store
                    [order-item-product] => WC_Order_Item_Product_Data_Store
                    [order-item-shipping] => WC_Order_Item_Shipping_Data_Store
                    [order-item-tax] => WC_Order_Item_Tax_Data_Store
                    [payment-token] => WC_Payment_Token_Data_Store
                    [product] => WC_Product_Data_Store_CPT
                    [product-grouped] => WC_Product_Grouped_Data_Store_CPT
                    [product-variable] => WC_Product_Variable_Data_Store_CPT
                    [product-variation] => WC_Product_Variation_Data_Store_CPT
                    [shipping-zone] => WC_Shipping_Zone_Data_Store
                    [webhook] => WC_Webhook_Data_Store
                )

            [current_class_name:WC_Data_Store:private] => WC_Order_Data_Store_CPT
            [object_type:WC_Data_Store:private] => order
        )

    [meta_data:protected] => Array
        (
        )

)

04-08-2019 @ 21:14:06 - Requesting session ID...
04-08-2019 @ 21:14:07 - PagSeguro session is valid! The return is: SimpleXMLElement Object
(
    [id] => 9a1fa6eff1874a63b0cfd864b7a9f3a9
)

04-08-2019 @ 21:14:20 - Requesting session ID...
04-08-2019 @ 21:14:20 - PagSeguro session is valid! The return is: SimpleXMLElement Object
(
    [id] => cc2b134120d846d39a133523b676efd9
)

04-08-2019 @ 21:18:42 - Requesting session ID...
04-08-2019 @ 21:18:42 - PagSeguro session is valid! The return is: SimpleXMLElement Object
(
    [id] => 9e49e14bc25844b3bec507147bf89af1
)

04-08-2019 @ 21:19:22 - Requesting session ID...
04-08-2019 @ 21:19:22 - PagSeguro session is valid! The return is: SimpleXMLElement Object
(
    [id] => b56f0becb49b47c4a3449465f56de6e0
)

04-08-2019 @ 21:20:19 - Requesting session ID...
04-08-2019 @ 21:20:20 - PagSeguro session is valid! The return is: SimpleXMLElement Object
(
    [id] => 1def3c9f5018487ab5c5a1875fa83211
)

04-08-2019 @ 21:20:56 - Requesting session ID...
04-08-2019 @ 21:20:57 - PagSeguro session is valid! The return is: SimpleXMLElement Object
(
    [id] => 77fffb6080374286b4d5c95dae1dcf97
)

04-08-2019 @ 21:22:46 - Requesting direct payment for order 1333 with the following data: <?xml version="1.0" encoding="UTF-8" standalone="yes"?>
<payment>
  <mode>default</mode>
  <method>creditCard</method>
  <currency>BRL</currency>
  <notificationURL><![CDATA[https://maderos.com.br/wc-api/WC_PagSeguro_Gateway/]]></notificationURL>
  <items>
    <item>
      <id>1</id>
      <description><![CDATA[Waxed-effect pleated skirt]]></description>
      <amount>49.00</amount>
      <quantity>1</quantity>
    </item>
  </items>
  <reference><![CDATA[Maderos -1333]]></reference>
  <sender>
    <email><![CDATA[c11468285293315731923@sandbox.pagseguro.com.br]]></email>
    <documents>
      <document>
        <type>CPF</type>
        <value>09699183640</value>
      </document>
    </documents>
    <name><![CDATA[Victor Faria]]></name>
    <phone>
      <areaCode>11</areaCode>
      <number>974787270</number>
    </phone>
    <hash>cd6f0ead0dd62f840c48afab63ba7b49bb3012b427764bee944719d39c7665cf</hash>
  </sender>
  <shipping>
    <type>3</type>
    <address>
      <street><![CDATA[Rua Frei Caneca, 115]]></street>
      <number>1114</number>
      <complement><![CDATA[114]]></complement>
      <district><![CDATA[Consolacao]]></district>
      <postalCode>01307906</postalCode>
      <city><![CDATA[Sp]]></city>
      <state>SP</state>
      <country>BRA</country>
    </address>
    <cost>0</cost>
  </shipping>
  <creditCard>
    <token>9ecbcb2c7d9146418e4a103fd757d1ec</token>
    <installment>
      <quantity>3</quantity>
      <value>17.32</value>
    </installment>
    <holder>
      <name><![CDATA[DSAdsaa asdsad]]></name>
      <documents>
        <document>
          <type>CPF</type>
          <value/>
        </document>
      </documents>
      <birthDate>26/12/1989</birthDate>
      <phone>
        <areaCode/>
        <number/>
      </phone>
    </holder>
    <billingAddress>
      <street><![CDATA[Rua Frei Caneca, 115]]></street>
      <number>1114</number>
      <complement><![CDATA[114]]></complement>
      <district><![CDATA[Consolacao]]></district>
      <city><![CDATA[Sp]]></city>
      <state>SP</state>
      <country>BRA</country>
      <postalCode>01307906</postalCode>
    </billingAddress>
  </creditCard>
</payment>

04-08-2019 @ 21:22:46 - An error occurred while generating the PagSeguro direct payment: Array
(
    [headers] => Requests_Utility_CaseInsensitiveDictionary Object
        (
            [data:protected] => Array
                (
                    [date] => Tue, 09 Apr 2019 00:22:46 GMT
                    [server] => Apache-Coyote/1.1
                    [content-type] => application/xml;charset=ISO-8859-1
                    [cache-control] => max-age=180
                    [expires] => Tue, 09 Apr 2019 00:25:46 GMT
                    [vary] => Accept-Encoding,User-Agent
                    [content-encoding] => gzip
                    [access-control-allow-origin] => https://dev.pagseguro.uol.com.br
                    [access-control-allow-methods] => POST, GET, OPTIONS
                    [access-control-allow-headers] => Content-Type, origin, accept
                )

        )

    [body] => <?xml version="1.0" encoding="ISO-8859-1" standalone="yes"?><errors><error><code>53045</code><message>credit card holder cpf is required.</message></error></errors>
    [response] => Array
        (
            [code] => 400
            [message] => Bad Request
        )

    [cookies] => Array
        (
        )

    [filename] => 
    [http_response] => WP_HTTP_Requests_Response Object
        (
            [response:protected] => Requests_Response Object
                (
                    [body] => <?xml version="1.0" encoding="ISO-8859-1" standalone="yes"?><errors><error><code>53045</code><message>credit card holder cpf is required.</message></error></errors>
                    [raw] => HTTP/1.1 400 Bad Request
Date: Tue, 09 Apr 2019 00:22:46 GMT
Server: Apache-Coyote/1.1
Content-Type: application/xml;charset=ISO-8859-1
Cache-Control: max-age=180
Expires: Tue, 09 Apr 2019 00:25:46 GMT
Vary: Accept-Encoding,User-Agent
Content-Encoding: gzip
Access-Control-Allow-Origin: https://dev.pagseguro.uol.com.br
Access-Control-Allow-Methods: POST, GET, OPTIONS
Access-Control-Allow-Headers: Content-Type, origin, accept
Connection: close
Transfer-Encoding: chunked

<?xml version="1.0" encoding="ISO-8859-1" standalone="yes"?><errors><error><code>53045</code><message>credit card holder cpf is required.</message></error></errors>
                    [headers] => Requests_Response_Headers Object
                        (
                            [data:protected] => Array
                                (
                                    [date] => Array
                                        (
                                            [0] => Tue, 09 Apr 2019 00:22:46 GMT
                                        )

                                    [server] => Array
                                        (
                                            [0] => Apache-Coyote/1.1
                                        )

                                    [content-type] => Array
                                        (
                                            [0] => application/xml;charset=ISO-8859-1
                                        )

                                    [cache-control] => Array
                                        (
                                            [0] => max-age=180
                                        )

                                    [expires] => Array
                                        (
                                            [0] => Tue, 09 Apr 2019 00:25:46 GMT
                                        )

                                    [vary] => Array
                                        (
                                            [0] => Accept-Encoding,User-Agent
                                        )

                                    [content-encoding] => Array
                                        (
                                            [0] => gzip
                                        )

                                    [access-control-allow-origin] => Array
                                        (
                                            [0] => https://dev.pagseguro.uol.com.br
                                        )

                                    [access-control-allow-methods] => Array
                                        (
                                            [0] => POST, GET, OPTIONS
                                        )

                                    [access-control-allow-headers] => Array
                                        (
                                            [0] => Content-Type, origin, accept
                                        )

                                )

                        )

                    [status_code] => 400
                    [protocol_version] => 1.1
                    [success] => 
                    [redirects] => 0
                    [url] => https://ws.sandbox.pagseguro.uol.com.br/v2/transactions?email=victorcastro89@hotmail.com&token=F450948552B848B48063560CF120F8A2
                    [history] => Array
                        (
                        )

                    [cookies] => Requests_Cookie_Jar Object
                        (
                            [cookies:protected] => Array
                                (
                                )

                        )

                )

            [filename:protected] => 
            [data] => 
            [headers] => 
            [status] => 
        )

)

04-08-2019 @ 21:22:56 - Requesting direct payment for order 1333 with the following data: <?xml version="1.0" encoding="UTF-8" standalone="yes"?>
<payment>
  <mode>default</mode>
  <method>creditCard</method>
  <currency>BRL</currency>
  <notificationURL><![CDATA[https://maderos.com.br/wc-api/WC_PagSeguro_Gateway/]]></notificationURL>
  <items>
    <item>
      <id>1</id>
      <description><![CDATA[Waxed-effect pleated skirt]]></description>
      <amount>49.00</amount>
      <quantity>1</quantity>
    </item>
  </items>
  <reference><![CDATA[Maderos -1333]]></reference>
  <sender>
    <email><![CDATA[c11468285293315731923@sandbox.pagseguro.com.br]]></email>
    <documents>
      <document>
        <type>CPF</type>
        <value>09699183640</value>
      </document>
    </documents>
    <name><![CDATA[Victor Faria]]></name>
    <phone>
      <areaCode>11</areaCode>
      <number>974787270</number>
    </phone>
    <hash>cd6f0ead0dd62f840c48afab63ba7b49bb3012b427764bee944719d39c7665cf</hash>
  </sender>
  <shipping>
    <type>3</type>
    <address>
      <street><![CDATA[Rua Frei Caneca, 115]]></street>
      <number>1114</number>
      <complement><![CDATA[114]]></complement>
      <district><![CDATA[Consolacao]]></district>
      <postalCode>01307906</postalCode>
      <city><![CDATA[Sp]]></city>
      <state>SP</state>
      <country>BRA</country>
    </address>
    <cost>0</cost>
  </shipping>
  <creditCard>
    <token>3a7b20ef0e3949b1b50d785c94aa8fe2</token>
    <installment>
      <quantity>1</quantity>
      <value>49.00</value>
    </installment>
    <holder>
      <name><![CDATA[DSAdsaa asdsad]]></name>
      <documents>
        <document>
          <type>CPF</type>
          <value>09699183640</value>
        </document>
      </documents>
      <birthDate>26/12/1989</birthDate>
      <phone>
        <areaCode/>
        <number/>
      </phone>
    </holder>
    <billingAddress>
      <street><![CDATA[Rua Frei Caneca, 115]]></street>
      <number>1114</number>
      <complement><![CDATA[114]]></complement>
      <district><![CDATA[Consolacao]]></district>
      <city><![CDATA[Sp]]></city>
      <state>SP</state>
      <country>BRA</country>
      <postalCode>01307906</postalCode>
    </billingAddress>
  </creditCard>
</payment>

04-08-2019 @ 21:22:58 - PagSeguro direct payment created successfully!
04-08-2019 @ 21:22:58 - PagSeguro payment status for order 1333 is: 1
04-08-2019 @ 21:23:13 - Requesting session ID...
04-08-2019 @ 21:23:13 - PagSeguro session is valid! The return is: SimpleXMLElement Object
(
    [id] => b3a90207d6404dce87efc951d967ffca
)

04-08-2019 @ 21:25:40 - Requesting session ID...
04-08-2019 @ 21:25:40 - PagSeguro session is valid! The return is: SimpleXMLElement Object
(
    [id] => 7f132e4e867a4c13ae7476755cfcc7f3
)

04-08-2019 @ 21:26:13 - Requesting session ID...
04-08-2019 @ 21:26:13 - PagSeguro session is valid! The return is: SimpleXMLElement Object
(
    [id] => 61bb70422d8244b68c207f89fef4be7d
)

04-08-2019 @ 21:26:36 - Requesting session ID...
04-08-2019 @ 21:26:37 - PagSeguro session is valid! The return is: SimpleXMLElement Object
(
    [id] => 5085f46001c24aadbd74f80023223dab
)

04-08-2019 @ 21:27:08 - Requesting session ID...
04-08-2019 @ 21:27:09 - PagSeguro session is valid! The return is: SimpleXMLElement Object
(
    [id] => 978f6287a648489899310c52198a3272
)

04-08-2019 @ 21:28:21 - Requesting session ID...
04-08-2019 @ 21:28:22 - PagSeguro session is valid! The return is: SimpleXMLElement Object
(
    [id] => 83636d4f61564321b328400628450bfa
)

04-08-2019 @ 21:28:55 - Requesting session ID...
04-08-2019 @ 21:28:55 - PagSeguro session is valid! The return is: SimpleXMLElement Object
(
    [id] => 99e55ee5e6044d9388dbc6f282bf02ec
)

04-08-2019 @ 21:29:35 - Requesting session ID...
04-08-2019 @ 21:29:36 - PagSeguro session is valid! The return is: SimpleXMLElement Object
(
    [id] => 3829af0a97f648549857d361cd4d4536
)

04-08-2019 @ 21:33:43 - Requesting session ID...
04-08-2019 @ 21:33:43 - PagSeguro session is valid! The return is: SimpleXMLElement Object
(
    [id] => 6353a7437f7f4b81841a1940066d6792
)

04-08-2019 @ 21:40:33 - Requesting session ID...
04-08-2019 @ 21:40:33 - PagSeguro session is valid! The return is: SimpleXMLElement Object
(
    [id] => c14d73f9c67c4ad49285917c73a10d18
)

04-08-2019 @ 21:41:31 - Requesting session ID...
04-08-2019 @ 21:41:31 - PagSeguro session is valid! The return is: SimpleXMLElement Object
(
    [id] => 40354dc683b645468d6fc85b4ec53653
)

04-08-2019 @ 21:42:43 - Requesting session ID...
04-08-2019 @ 21:42:44 - PagSeguro session is valid! The return is: SimpleXMLElement Object
(
    [id] => 8f8f67dcfd854880a0b15ffe9ea32819
)

04-08-2019 @ 21:43:27 - Requesting session ID...
04-08-2019 @ 21:43:27 - PagSeguro session is valid! The return is: SimpleXMLElement Object
(
    [id] => e2afb6ff8d7749b49854807fc480479c
)

04-08-2019 @ 21:44:04 - Requesting session ID...
04-08-2019 @ 21:44:04 - PagSeguro session is valid! The return is: SimpleXMLElement Object
(
    [id] => 947b83e9ccd84dee9dbdb314888ab998
)

04-08-2019 @ 21:44:50 - Requesting session ID...
04-08-2019 @ 21:44:50 - PagSeguro session is valid! The return is: SimpleXMLElement Object
(
    [id] => 01a59dc4197b49b69cc2ebb99739e926
)

04-08-2019 @ 21:44:53 - Requesting session ID...
04-08-2019 @ 21:44:54 - PagSeguro session is valid! The return is: SimpleXMLElement Object
(
    [id] => 6d81aacff7834e4cbe63dde4ac86221b
)

04-08-2019 @ 21:47:32 - Requesting session ID...
04-08-2019 @ 21:47:33 - PagSeguro session is valid! The return is: SimpleXMLElement Object
(
    [id] => 158f376722ca485ca6687365e23d93c1
)

04-08-2019 @ 21:49:29 - Requesting session ID...
04-08-2019 @ 21:49:29 - PagSeguro session is valid! The return is: SimpleXMLElement Object
(
    [id] => 05ad916cc1ef4f8dae6ae12632180e42
)

04-08-2019 @ 21:50:02 - Requesting session ID...
04-08-2019 @ 21:50:03 - PagSeguro session is valid! The return is: SimpleXMLElement Object
(
    [id] => 1a21f2a1797b4bf4953a52a1966ab402
)

04-08-2019 @ 21:50:21 - Requesting session ID...
04-08-2019 @ 21:50:22 - PagSeguro session is valid! The return is: SimpleXMLElement Object
(
    [id] => 6a09f1cd097b4a3d9110af70c383470f
)

04-08-2019 @ 21:52:04 - Requesting session ID...
04-08-2019 @ 21:52:04 - PagSeguro session is valid! The return is: SimpleXMLElement Object
(
    [id] => b77b03b873954170a12400ab51e164fe
)

04-08-2019 @ 21:52:37 - Requesting session ID...
04-08-2019 @ 21:52:38 - PagSeguro session is valid! The return is: SimpleXMLElement Object
(
    [id] => 8e3b475e0630415ab9b185c52f798167
)

04-08-2019 @ 21:53:01 - Requesting session ID...
04-08-2019 @ 21:53:01 - PagSeguro session is valid! The return is: SimpleXMLElement Object
(
    [id] => 402bf8a7150240f3b4214261bf8079de
)

04-08-2019 @ 21:53:42 - Requesting session ID...
04-08-2019 @ 21:53:43 - PagSeguro session is valid! The return is: SimpleXMLElement Object
(
    [id] => f4e961ae0e5f4cb9ab7f0d835f747782
)

04-08-2019 @ 21:58:52 - Requesting session ID...
04-08-2019 @ 21:58:52 - PagSeguro session is valid! The return is: SimpleXMLElement Object
(
    [id] => f687f1f232b94a10af941b2a119be1a6
)

04-08-2019 @ 21:59:57 - Requesting session ID...
04-08-2019 @ 21:59:58 - PagSeguro session is valid! The return is: SimpleXMLElement Object
(
    [id] => e6912f04dc894f078370b0171464a246
)

04-08-2019 @ 22:27:11 - Requesting session ID...
04-08-2019 @ 22:27:12 - PagSeguro session is valid! The return is: SimpleXMLElement Object
(
    [id] => e9611792a3b54d57ad2ee7eb8c135201
)

04-08-2019 @ 22:28:40 - Requesting session ID...
04-08-2019 @ 22:28:41 - PagSeguro session is valid! The return is: SimpleXMLElement Object
(
    [id] => 06614c0260a34ea18a17f8d7c088d581
)

04-08-2019 @ 22:40:25 - Requesting session ID...
04-08-2019 @ 22:40:25 - PagSeguro session is valid! The return is: SimpleXMLElement Object
(
    [id] => 3ce5f8bd4629460da55270c6e3259b8c
)

04-08-2019 @ 22:40:33 - Requesting session ID...
04-08-2019 @ 22:40:33 - PagSeguro session is valid! The return is: SimpleXMLElement Object
(
    [id] => eb5d45cfa06e48b494931ec52a65cffd
)

04-08-2019 @ 22:40:48 - Requesting session ID...
04-08-2019 @ 22:40:48 - PagSeguro session is valid! The return is: SimpleXMLElement Object
(
    [id] => f2e5d9768e204090ad48a3edfa2bbdd2
)

04-08-2019 @ 22:40:56 - Requesting session ID...
04-08-2019 @ 22:40:56 - PagSeguro session is valid! The return is: SimpleXMLElement Object
(
    [id] => c9fb55f149d04370a89a81f9b0d52178
)

04-08-2019 @ 22:44:05 - Requesting session ID...
04-08-2019 @ 22:44:06 - PagSeguro session is valid! The return is: SimpleXMLElement Object
(
    [id] => 60833baf3d5849bba317d14365d074a9
)

04-08-2019 @ 22:44:23 - Requesting session ID...
04-08-2019 @ 22:44:23 - PagSeguro session is valid! The return is: SimpleXMLElement Object
(
    [id] => 6381735c4a0c475daab2999e0cffdea4
)

04-08-2019 @ 22:44:23 - Requesting session ID...
04-08-2019 @ 22:44:23 - PagSeguro session is valid! The return is: SimpleXMLElement Object
(
    [id] => 6e77dc7e73b1409c843fe92e02fac26a
)

04-08-2019 @ 22:44:26 - Requesting session ID...
04-08-2019 @ 22:44:27 - PagSeguro session is valid! The return is: SimpleXMLElement Object
(
    [id] => 9963b3ca274f424584f97af8bf81f760
)

04-08-2019 @ 22:44:32 - Requesting session ID...
04-08-2019 @ 22:44:32 - PagSeguro session is valid! The return is: SimpleXMLElement Object
(
    [id] => 00cb1c8acfaf40eaafb559873ba2c32a
)

04-08-2019 @ 22:44:37 - Requesting session ID...
04-08-2019 @ 22:44:37 - PagSeguro session is valid! The return is: SimpleXMLElement Object
(
    [id] => 8c0f30f0173e46d085240919a02cc5e8
)

04-08-2019 @ 22:44:49 - Requesting session ID...
04-08-2019 @ 22:44:50 - PagSeguro session is valid! The return is: SimpleXMLElement Object
(
    [id] => 2d9fe220744247688d3424bc20c8fe5d
)

04-08-2019 @ 22:50:25 - Requesting session ID...
04-08-2019 @ 22:50:25 - PagSeguro session is valid! The return is: SimpleXMLElement Object
(
    [id] => 4b5bd6e8385f40a6a8c5f24b3e4b4425
)

04-08-2019 @ 22:52:16 - Requesting session ID...
04-08-2019 @ 22:52:16 - PagSeguro session is valid! The return is: SimpleXMLElement Object
(
    [id] => faed6bc718054bdb80e5cb5dcd1ad516
)

04-08-2019 @ 22:52:25 - Requesting session ID...
04-08-2019 @ 22:52:25 - PagSeguro session is valid! The return is: SimpleXMLElement Object
(
    [id] => 8a0bb2bc274a4959a36efb76b1c93841
)

04-08-2019 @ 22:52:29 - Requesting session ID...
04-08-2019 @ 22:52:29 - PagSeguro session is valid! The return is: SimpleXMLElement Object
(
    [id] => 81e986192b904fd1816012980abd5668
)

04-08-2019 @ 22:52:33 - Requesting session ID...
04-08-2019 @ 22:52:33 - PagSeguro session is valid! The return is: SimpleXMLElement Object
(
    [id] => fd81e57cb64a4e0c8b89976ca71288ec
)

04-08-2019 @ 22:52:39 - Requesting session ID...
04-08-2019 @ 22:52:39 - PagSeguro session is valid! The return is: SimpleXMLElement Object
(
    [id] => 54ada03cb6d24a25b532f385c93e78c2
)

04-08-2019 @ 22:52:44 - Requesting session ID...
04-08-2019 @ 22:52:44 - PagSeguro session is valid! The return is: SimpleXMLElement Object
(
    [id] => 72f17f22878746dab340edd55695a100
)

04-08-2019 @ 22:53:00 - Requesting session ID...
04-08-2019 @ 22:53:00 - PagSeguro session is valid! The return is: SimpleXMLElement Object
(
    [id] => 106fcf49f0fa4507b8543fb814270052
)

04-08-2019 @ 22:53:11 - Requesting session ID...
04-08-2019 @ 22:53:11 - PagSeguro session is valid! The return is: SimpleXMLElement Object
(
    [id] => f29b95f0465747879741859694742ec0
)

04-08-2019 @ 22:53:16 - Requesting session ID...
04-08-2019 @ 22:53:16 - PagSeguro session is valid! The return is: SimpleXMLElement Object
(
    [id] => eac9404f2bbd495da569f5c3dec85f4b
)

04-08-2019 @ 22:53:22 - Requesting session ID...
04-08-2019 @ 22:53:22 - PagSeguro session is valid! The return is: SimpleXMLElement Object
(
    [id] => fe73b7235abd4e4e9622a31a4dcd466a
)

04-08-2019 @ 22:53:26 - Requesting session ID...
04-08-2019 @ 22:53:26 - PagSeguro session is valid! The return is: SimpleXMLElement Object
(
    [id] => a1db796c4eb446b180639493ba737ca8
)

04-08-2019 @ 22:55:11 - Requesting session ID...
04-08-2019 @ 22:55:11 - PagSeguro session is valid! The return is: SimpleXMLElement Object
(
    [id] => da613b74cfa44f188caace16b7af92fb
)

04-08-2019 @ 23:17:52 - Requesting session ID...
04-08-2019 @ 23:17:53 - PagSeguro session is valid! The return is: SimpleXMLElement Object
(
    [id] => fdcf5802b3254b13b2b89c9a8cd006c4
)

